Log file open, 01/27/18 17:31:12
LogWindows: LoadLibraryWithSearchPaths failed for file aqProf.dll. GetLastError=0
LogWindows: LoadLibraryWithSearchPaths failed for file VtuneApi.dll. GetLastError=0
LogWindows: LoadLibraryWithSearchPaths failed for file VtuneApi32e.dll. GetLastError=0
LogInit: Display: Running engine for game: ZomBard
LogPlatformFile: Not using cached read wrapper
LogInit: Display: RandInit(-2079869182) SRandInit(-2079869182).
LogTaskGraph: Started task graph with 5 named threads and 14 total threads with 3 sets of task threads.
LogStats: Stats thread started at 0.161574
LogD3D11RHI: Aftermath initialized
LogPluginManager: Mounting plugin Paper2D
LogPluginManager: Mounting plugin LightPropagationVolume
LogPluginManager: Mounting plugin CodeLiteSourceCodeAccess
LogPluginManager: Mounting plugin GitSourceControl
LogPluginManager: Mounting plugin KDevelopSourceCodeAccess
LogPluginManager: Mounting plugin NullSourceCodeAccess
LogPluginManager: Mounting plugin PerforceSourceControl
LogPluginManager: Mounting plugin SubversionSourceControl
LogPluginManager: Mounting plugin UObjectPlugin
LogPluginManager: Mounting plugin VisualStudioSourceCodeAccess
LogPluginManager: Mounting plugin XCodeSourceCodeAccess
LogPluginManager: Mounting plugin AssetManagerEditor
LogPluginManager: Mounting plugin AudioCapture
LogPluginManager: Mounting plugin FacialAnimation
LogPluginManager: Mounting plugin GameplayTagsEditor
LogPluginManager: Mounting plugin MobileLauncherProfileWizard
LogPluginManager: Mounting plugin PluginBrowser
LogPluginManager: Mounting plugin SpeedTreeImporter
LogPluginManager: Mounting plugin AlembicImporter
LogPluginManager: Mounting plugin CharacterAI
LogPluginManager: Mounting plugin HTML5Networking
LogPluginManager: Mounting plugin AndroidMedia
LogPluginManager: Mounting plugin AvfMedia
LogPluginManager: Mounting plugin MediaPlayerEditor
LogPluginManager: Mounting plugin WmfMedia
LogPluginManager: Mounting plugin TcpMessaging
LogPluginManager: Mounting plugin UdpMessaging
LogPluginManager: Mounting plugin LevelSequenceEditor
LogPluginManager: Mounting plugin MatineeToLevelSequence
LogPluginManager: Mounting plugin OnlineSubsystemGooglePlay
LogPluginManager: Mounting plugin OnlineSubsystemIOS
LogPluginManager: Mounting plugin OnlineSubsystem
LogPluginManager: Mounting plugin OnlineSubsystemNull
LogPluginManager: Mounting plugin OnlineSubsystemUtils
LogPluginManager: Mounting plugin AndroidDeviceProfileSelector
LogPluginManager: Mounting plugin AndroidMoviePlayer
LogPluginManager: Mounting plugin AndroidPermission
LogPluginManager: Mounting plugin AppleMoviePlayer
LogPluginManager: Mounting plugin ArchVisCharacter
LogPluginManager: Mounting plugin CableComponent
LogPluginManager: Mounting plugin CustomMeshComponent
LogPluginManager: Mounting plugin ExampleDeviceProfileSelector
LogPluginManager: Mounting plugin GoogleCloudMessaging
LogPluginManager: Mounting plugin ImmediatePhysics
LogPluginManager: Mounting plugin IOSDeviceProfileSelector
LogPluginManager: Mounting plugin LinuxDeviceProfileSelector
LogPluginManager: Mounting plugin LocationServicesBPLibrary
LogPluginManager: Mounting plugin MobilePatchingUtils
LogPluginManager: Mounting plugin OculusVR
LogPluginManager: Mounting plugin PhysXVehicles
LogPluginManager: Mounting plugin ProceduralMeshComponent
LogPluginManager: Mounting plugin RuntimePhysXCooking
LogPluginManager: Mounting plugin SteamVR
LogPluginManager: Mounting plugin WindowsMoviePlayer
LogInit: Using libcurl 7.47.1
LogInit:  - built for x86_64-pc-win32
LogInit:  - supports SSL with OpenSSL/1.0.2g
LogInit:  - supports HTTP deflate (compression) using libz 1.2.8
LogInit:  - other features:
LogInit:      CURL_VERSION_SSL
LogInit:      CURL_VERSION_LIBZ
LogInit:      CURL_VERSION_IPV6
LogInit:      CURL_VERSION_ASYNCHDNS
LogInit:      CURL_VERSION_LARGEFILE
LogInit:      CURL_VERSION_IDN
LogInit:  CurlRequestOptions (configurable via config and command line):
LogInit:  - bVerifyPeer = false  - Libcurl will NOT verify peer certificate
LogInit:  - bUseHttpProxy = false  - Libcurl will NOT use HTTP proxy
LogInit:  - bDontReuseConnections = false  - Libcurl will reuse connections
LogInit:  - CertBundlePath = nullptr  - Libcurl will use whatever was configured at build time.
LogInit: Build: ++UE4+Release-4.17-CL-3573198
LogInit: Engine Version: 4.17.0-3573198+++UE4+Release-4.17
LogInit: Compatible Engine Version: 4.17.0-3573198+++UE4+Release-4.17
LogInit: Net CL: 3573198
LogDevObjectVersion: Number of dev versions registered: 16
LogDevObjectVersion:   Dev-Blueprints (B0D832E4-1F89-4F0D-ACCF-7EB736FD4AA2): 10
LogDevObjectVersion:   Dev-Build (E1C64328-A22C-4D53-A36C-8E866417BD8C): 0
LogDevObjectVersion:   Dev-Core (375EC13C-06E4-48FB-B500-84F0262A717E): 2
LogDevObjectVersion:   Dev-Editor (E4B068ED-F494-42E9-A231-DA0B2E46BB41): 20
LogDevObjectVersion:   Dev-Framework (CFFC743F-43B0-4480-9391-14DF171D2073): 28
LogDevObjectVersion:   Dev-Mobile (B02B49B5-BB20-44E9-A304-32B752E40360): 0
LogDevObjectVersion:   Dev-Networking (A4E4105C-59A1-49B5-A7C5-40C4547EDFEE): 0
LogDevObjectVersion:   Dev-Online (39C831C9-5AE6-47DC-9A44-9C173E1C8E7C): 0
LogDevObjectVersion:   Dev-Physics (78F01B33-EBEA-4F98-B9B4-84EACCB95AA2): 0
LogDevObjectVersion:   Dev-Platform (6631380F-2D4D-43E0-8009-CF276956A95A): 0
LogDevObjectVersion:   Dev-Rendering (12F88B9F-8875-4AFC-A67C-D90C383ABD29): 19
LogDevObjectVersion:   Dev-Sequencer (7B5AE74C-D270-4C10-A958-57980B212A5A): 4
LogDevObjectVersion:   Dev-VR (D7296918-1DD6-4BDD-9DE2-64A83CC13884): 0
LogDevObjectVersion:   Dev-LoadTimes (C2A15278-BFE7-4AFE-6C17-90FF531DF755): 1
LogDevObjectVersion:   Private-Geometry (6EACA3D4-40EC-4CC1-B786-8BED09428FC5): 1
LogDevObjectVersion:   Dev-AnimPhys (29E575DD-E0A3-4627-9D10-D276232CDCEA): 7
LogInit: Compiled (64-bit): Aug  4 2017 16:30:33
LogInit: Compiled with Visual C++: 19.00.24215.01
LogInit: Build Configuration: Development
LogInit: Branch Name: ++UE4+Release-4.17
LogInit: Command line: 
LogInit: Base directory: C:/Program Files (x86)/Epic Games/UE_4.17/Engine/Binaries/Win64/
LogInit: Installed Engine Build: 1
LogInit: Presizing for max 8388607 objects, including 0 objects not considered by GC, pre-allocating 0 bytes for permanent pool.
LogInit: Object subsystem initialized
[2018.01.27-17.31.13:823][  0]LogInit: Selected Device Profile: [Windows]
[2018.01.27-17.31.13:823][  0]LogInit: Applying CVar settings loaded from the selected device profile: [Windows]
[2018.01.27-17.31.13:869][  0]LogInit: Computer: MC11570
[2018.01.27-17.31.13:869][  0]LogInit: User: 1601299
[2018.01.27-17.31.13:869][  0]LogInit: CPU Page size=4096, Cores=4
[2018.01.27-17.31.13:869][  0]LogInit: High frequency timer resolution =3.328281 MHz
[2018.01.27-17.31.13:869][  0]LogMemory: Memory total: Physical=31.9GB (32GB approx)
[2018.01.27-17.31.13:869][  0]LogMemory: Platform Memory Stats for Windows
[2018.01.27-17.31.13:869][  0]LogMemory: Process Physical Memory: 279.77 MB used, 279.77 MB peak
[2018.01.27-17.31.13:869][  0]LogMemory: Process Virtual Memory: 277.51 MB used, 277.51 MB peak
[2018.01.27-17.31.13:869][  0]LogMemory: Physical Memory: 3713.76 MB used,  28994.61 MB free, 32708.37 MB total
[2018.01.27-17.31.13:869][  0]LogMemory: Virtual Memory: 656.63 MB used,  28994.61 MB free, 8388608.00 MB total
[2018.01.27-17.31.14:106][  0]LogInit: Using OS detected language (en-GB).
[2018.01.27-17.31.14:106][  0]LogInit: Using OS detected locale (en-GB).
[2018.01.27-17.31.14:109][  0]LogTextLocalizationManager: No specific localization for 'en-GB' exists, so the 'en' localization will be used.
[2018.01.27-17.31.14:702][  0]LogD3D11RHI: D3D11 adapters:
[2018.01.27-17.31.14:726][  0]LogD3D11RHI:    0. 'NVIDIA GeForce GTX 1070' (Feature Level 11_0)
[2018.01.27-17.31.14:726][  0]LogD3D11RHI:       8077/0/16098 MB DedicatedVideo/DedicatedSystem/SharedSystem, Outputs:1, VendorId:0x10de
[2018.01.27-17.31.14:726][  0]LogD3D11RHI: Chosen D3D11 Adapter: 0
[2018.01.27-17.31.14:729][  0]LogD3D11RHI: Creating new Direct3DDevice
[2018.01.27-17.31.14:729][  0]LogD3D11RHI:     GPU DeviceId: 0x1b81 (for the marketing name, search the web for "GPU Device Id")
[2018.01.27-17.31.14:729][  0]LogWindows: EnumDisplayDevices:
[2018.01.27-17.31.14:730][  0]LogWindows:    0. 'NVIDIA GeForce GTX 1070' (P:1 D:1)
[2018.01.27-17.31.14:730][  0]LogWindows:    1. 'NVIDIA GeForce GTX 1070' (P:0 D:0)
[2018.01.27-17.31.14:730][  0]LogWindows:    2. 'NVIDIA GeForce GTX 1070' (P:0 D:0)
[2018.01.27-17.31.14:730][  0]LogWindows:    3. 'NVIDIA GeForce GTX 1070' (P:0 D:0)
[2018.01.27-17.31.14:730][  0]LogWindows:    4. 'RDPDD Chained DD' (P:0 D:0)
[2018.01.27-17.31.14:730][  0]LogWindows:    5. 'RDP Encoder Mirror Driver' (P:0 D:0)
[2018.01.27-17.31.14:730][  0]LogWindows:    6. 'RDP Reflector Display Driver' (P:0 D:0)
[2018.01.27-17.31.14:730][  0]LogWindows: DebugString: GetVideoDriverDetailsInvalid PrimaryIsNotTheChoosenAdapter GetVideoDriverDetailsInvalid PrimaryIsNotTheChoosenAdapter GetVideoDriverDetailsInvalid PrimaryIsNotTheChoosenAdapter FoundDriverCount:4 
[2018.01.27-17.31.14:730][  0]LogD3D11RHI:     Adapter Name: NVIDIA GeForce GTX 1070
[2018.01.27-17.31.14:730][  0]LogD3D11RHI:   Driver Version: 390.65 (internal:23.21.13.9065, unified:390.65)
[2018.01.27-17.31.14:730][  0]LogD3D11RHI:      Driver Date: 1-3-2018
[2018.01.27-17.31.14:730][  0]LogRHI: Texture pool is 1361 MB (70% of 1945 MB)
[2018.01.27-17.31.14:742][  0]LogD3D11RHI: Async texture creation enabled
[2018.01.27-17.31.14:757][  0]LogD3D11RHI: GPU Timing Frequency: 1000.000000 (Debug: 2 2)
[2018.01.27-17.31.14:800][  0]LogShaderCompilers: Guid format shader working directory is 37 characters bigger than the processId version (M:/ZombBard/Intermediate/Shaders/WorkingDirectory/6380/).
[2018.01.27-17.31.14:801][  0]LogShaderCompilers: Cleaned the shader compiler working directory 'C:/Users/1601299/AppData/Local/Temp/UnrealShaderWorkingDir/E8B120FD4A6F846F87B0A5AA10DFB84B/'.
[2018.01.27-17.31.14:801][  0]LogShaderCompilers: Display: Using Local Shader Compiler.
[2018.01.27-17.31.15:662][  0]LogTemp: Display: Loaded TP AllDesktopTargetPlatform
[2018.01.27-17.31.15:733][  0]LogTemp: Display: Loaded TP MacClientTargetPlatform
[2018.01.27-17.31.15:804][  0]LogTemp: Display: Loaded TP MacNoEditorTargetPlatform
[2018.01.27-17.31.15:875][  0]LogTemp: Display: Loaded TP MacServerTargetPlatform
[2018.01.27-17.31.15:946][  0]LogTemp: Display: Loaded TP MacTargetPlatform
[2018.01.27-17.31.16:016][  0]LogTemp: Display: Loaded TP WindowsClientTargetPlatform
[2018.01.27-17.31.16:088][  0]LogTemp: Display: Loaded TP WindowsNoEditorTargetPlatform
[2018.01.27-17.31.16:158][  0]LogTemp: Display: Loaded TP WindowsServerTargetPlatform
[2018.01.27-17.31.16:221][  0]LogTemp: Display: Loaded TP WindowsTargetPlatform
[2018.01.27-17.31.16:308][  0]LogTemp: Display: Loaded TP AndroidTargetPlatform
[2018.01.27-17.31.16:377][  0]LogTemp: Display: Loaded TP Android_ASTCTargetPlatform
[2018.01.27-17.31.16:453][  0]LogTemp: Display: Loaded TP Android_ATCTargetPlatform
[2018.01.27-17.31.16:522][  0]LogTemp: Display: Loaded TP Android_DXTTargetPlatform
[2018.01.27-17.31.16:592][  0]LogTemp: Display: Loaded TP Android_ETC1TargetPlatform
[2018.01.27-17.31.16:661][  0]LogTemp: Display: Loaded TP Android_ETC2TargetPlatform
[2018.01.27-17.31.16:803][  0]LogTemp: Display: Loaded TP Android_MultiTargetPlatform
[2018.01.27-17.31.16:803][  0]LogTemp: Display: Loaded TP Android_PVRTCTargetPlatform
[2018.01.27-17.31.16:861][  0]LogTemp: Display: Loaded TP HTML5TargetPlatform
[2018.01.27-17.31.16:978][  0]LogTemp: Display: Loaded TP IOSTargetPlatform
[2018.01.27-17.31.17:017][  0]LogTemp: Display: Loaded TP TVOSTargetPlatform
[2018.01.27-17.31.17:089][  0]LogTemp: Display: Loaded TP LinuxClientTargetPlatform
[2018.01.27-17.31.17:158][  0]LogTemp: Display: Loaded TP LinuxNoEditorTargetPlatform
[2018.01.27-17.31.17:228][  0]LogTemp: Display: Loaded TP LinuxServerTargetPlatform
[2018.01.27-17.31.17:299][  0]LogTemp: Display: Loaded TP LinuxTargetPlatform
[2018.01.27-17.31.17:299][  0]LogTargetPlatformManager: Display: Building Assets For Windows
[2018.01.27-17.31.17:950][  0]LogDerivedDataCache: Display: Max Cache Size: 512 MB
[2018.01.27-17.31.18:028][  0]LogDerivedDataCache: Loaded boot cache 0.08s 93MB C:/Users/1601299/AppData/Local/UnrealEngine/4.17/DerivedDataCache/Boot.ddc.
[2018.01.27-17.31.18:028][  0]LogDerivedDataCache: Display: Loaded Boot cache: C:/Users/1601299/AppData/Local/UnrealEngine/4.17/DerivedDataCache/Boot.ddc
[2018.01.27-17.31.18:029][  0]LogDerivedDataCache: FDerivedDataBackendGraph:  Pak pak cache file M:/ZombBard/DerivedDataCache/DDC.ddp not found, will not use a pak cache.
[2018.01.27-17.31.18:029][  0]LogDerivedDataCache: Unable to find inner node Pak for hierarchical cache Hierarchy.
[2018.01.27-17.31.18:029][  0]LogDerivedDataCache: FDerivedDataBackendGraph:  CompressedPak pak cache file M:/ZombBard/DerivedDataCache/Compressed.ddp not found, will not use a pak cache.
[2018.01.27-17.31.18:029][  0]LogDerivedDataCache: Unable to find inner node CompressedPak for hierarchical cache Hierarchy.
[2018.01.27-17.31.18:044][  0]LogDerivedDataCache: Display: Pak cache opened for reading ../../../Engine/DerivedDataCache/Compressed.ddp.
[2018.01.27-17.31.18:056][  0]LogDerivedDataCache: Using Local data cache path C:/Users/1601299/AppData/Local/UnrealEngine/Common/DerivedDataCache: Writable
[2018.01.27-17.31.18:064][  0]LogMaterial: Verifying Global Shaders for PCD3D_SM5
[2018.01.27-17.31.18:065][  0]LogSlate: Using Freetype 2.6.0
[2018.01.27-17.31.18:065][  0]LogSlate: SlateFontCache - WITH_FREETYPE: 1, WITH_HARFBUZZ: 1
[2018.01.27-17.31.18:065][  0]LogSlate: SlateFontCache - WITH_FREETYPE: 1, WITH_HARFBUZZ: 1
[2018.01.27-17.31.18:288][  0]LogAssetRegistry: FAssetRegistry took 0.0261 seconds to start up
[2018.01.27-17.31.18:498][  0]LogInit: Selected Device Profile: [Windows]
[2018.01.27-17.31.18:503][  0]LogContentStreaming: Texture pool size is 0.00 MB
[2018.01.27-17.31.19:013][  0]LogSimplygon: Simplygon DLL not present - disabling.
[2018.01.27-17.31.19:071][  0]LogMeshReduction: Using SimplygonSwarm for distributed automatic mesh merging
[2018.01.27-17.31.19:071][  0]LogMeshReduction: Using QuadricMeshReduction for automatic static mesh reduction
[2018.01.27-17.31.19:071][  0]LogMeshReduction: No automatic skeletal mesh reduction module available
[2018.01.27-17.31.19:071][  0]LogMeshReduction: No automatic mesh merging module available
[2018.01.27-17.31.19:071][  0]LogMeshMerging: No automatic mesh merging module available
[2018.01.27-17.31.19:411][  0]LogNetVersion: ZomBard , NetCL: 3573198, EngineNetVer: 2, GameNetVer: 0 (Checksum: 3691032040)
[2018.01.27-17.31.19:921][  0]LogPackageLocalizationCache: Processed 5 localized package path(s) for 2 prioritized culture(s) in 0.314739 seconds
[2018.01.27-17.31.19:934][  0]LogUObjectArray: 35825 objects as part of root set at end of initial load.
[2018.01.27-17.31.19:934][  0]LogUObjectAllocator: 7529104 out of 0 bytes used by permanent object pool.
[2018.01.27-17.31.19:934][  0]LogUObjectArray: CloseDisregardForGC: 0/0 objects in disregard for GC pool
[2018.01.27-17.31.20:031][  0]LogInit: WinSock: version 1.1 (2.2), MaxSocks=32767, MaxUdp=65467
[2018.01.27-17.31.23:004][  0]LogTcpMessaging: Initializing TcpMessaging bridge
[2018.01.27-17.31.23:050][  0]LogUdpMessaging: Initializing bridge on interface 0.0.0.0:0 to multicast group 230.0.0.1:6666.
[2018.01.27-17.31.23:050][  0]LogDirectoryWatcher: A directory notification failed for 'M:/ZombBard/Content/' because it was empty or there was a buffer overflow. Attemping another request...
[2018.01.27-17.31.23:954][  0]LogMaterial: Uniform references updated for custom material expression Custom.
[2018.01.27-17.31.24:514][  0]SourceControl: Source control is disabled
[2018.01.27-17.31.24:514][  0]SourceControl: Source control is disabled
[2018.01.27-17.31.24:579][  0]SourceControl: Source control is disabled
[2018.01.27-17.31.24:643][  0]SourceControl: Source control is disabled
[2018.01.27-17.31.25:418][  0]LogAndroidPermission: UAndroidPermissionCallbackProxy::GetInstance
[2018.01.27-17.31.25:742][  0]LogOcInput: OculusInput pre-init called
[2018.01.27-17.31.26:074][  0]LogEngine: Initializing Engine...
[2018.01.27-17.31.26:076][  0]LogHMD: Failed to initialize OpenVR with code 110
[2018.01.27-17.31.26:306][  0]LogStats: UGameplayTagsManager::ConstructGameplayTagTree: Construct from data asset -  0.000 s
[2018.01.27-17.31.26:306][  0]LogStats: UGameplayTagsManager::ConstructGameplayTagTree: GameplayTagTreeChangedEvent.Broadcast -  0.000 s
[2018.01.27-17.31.26:508][  0]LogAIModule: Creating AISystem for world Untitled
[2018.01.27-17.31.26:519][  0]LogInit: XAudio2 using 'Speakers (Realtek High Definition Audio)' : 2 channels at 48 kHz using 32 bits per sample (channel mask 0x3)
[2018.01.27-17.31.26:571][  0]LogInit: FAudioDevice initialized.
[2018.01.27-17.31.26:665][  0]LogDerivedDataCache: Saved boot cache 0.09s 93MB C:/Users/1601299/AppData/Local/UnrealEngine/4.17/DerivedDataCache/Boot.ddc.
[2018.01.27-17.31.26:683][  0]LogInit: Texture streaming: Enabled
[2018.01.27-17.31.26:843][  0]LogEngineSessionManager: EngineSessionManager initialized
[2018.01.27-17.31.27:150][  0]LogInit: Transaction tracking system initialized
[2018.01.27-17.31.27:599][  0]BlueprintLog: New page: Editor Load
[2018.01.27-17.31.28:895][  0]LocalizationService: Localization service is disabled
[2018.01.27-17.31.29:904][  0]LogConsoleResponse: Display: 
[2018.01.27-17.31.30:081][  0]LogCook: Display: Max memory allowance for cook 16384mb min free memory 0mb
[2018.01.27-17.31.30:081][  0]LogCook: Display: Mobile HDR setting 1
[2018.01.27-17.31.30:081][  0]LogGameplayTags: Display: UGameplayTagsManager::DoneAddingNativeTags. DelegateIsBound: 0
[2018.01.27-17.31.30:777][  0]LogFileCache: Scanning file cache for directory 'M:/ZombBard/Content/' took 0.07s
[2018.01.27-17.31.31:541][  0]SourceControl: Source control is disabled
[2018.01.27-17.31.31:542][  0]LogFactory: FactoryCreateFile: PackFactory with PackFactory (0 0 C:/Program Files (x86)/Epic Games/UE_4.17/FeaturePacks/StarterContent.upack)
[2018.01.27-17.31.31:547][  0]LogPackFactory: Finished extracting 8 files (including 0 errors).
[2018.01.27-17.31.31:564][  0]LogPackFactory: Copied "../../../Samples/StarterContent/Content/StarterContent/Architecture/Floor_400x400.uasset" to "M:/ZombBard/Content/StarterContent/Architecture/Floor_400x400.uasset"
[2018.01.27-17.31.31:573][  0]LogPackFactory: Copied "../../../Samples/StarterContent/Content/StarterContent/Architecture/Pillar_50x500.uasset" to "M:/ZombBard/Content/StarterContent/Architecture/Pillar_50x500.uasset"
[2018.01.27-17.31.31:591][  0]LogPackFactory: Copied "../../../Samples/StarterContent/Content/StarterContent/Architecture/SM_AssetPlatform.uasset" to "M:/ZombBard/Content/StarterContent/Architecture/SM_AssetPlatform.uasset"
[2018.01.27-17.31.31:600][  0]LogPackFactory: Copied "../../../Samples/StarterContent/Content/StarterContent/Architecture/Wall_400x200.uasset" to "M:/ZombBard/Content/StarterContent/Architecture/Wall_400x200.uasset"
[2018.01.27-17.31.31:609][  0]LogPackFactory: Copied "../../../Samples/StarterContent/Content/StarterContent/Architecture/Wall_400x300.uasset" to "M:/ZombBard/Content/StarterContent/Architecture/Wall_400x300.uasset"
[2018.01.27-17.31.31:623][  0]LogPackFactory: Copied "../../../Samples/StarterContent/Content/StarterContent/Architecture/Wall_400x400.uasset" to "M:/ZombBard/Content/StarterContent/Architecture/Wall_400x400.uasset"
[2018.01.27-17.31.31:639][  0]LogPackFactory: Copied "../../../Samples/StarterContent/Content/StarterContent/Architecture/Wall_500x500.uasset" to "M:/ZombBard/Content/StarterContent/Architecture/Wall_500x500.uasset"
[2018.01.27-17.31.31:654][  0]LogPackFactory: Copied "../../../Samples/StarterContent/Content/StarterContent/Architecture/Wall_Door_400x300.uasset" to "M:/ZombBard/Content/StarterContent/Architecture/Wall_Door_400x300.uasset"
[2018.01.27-17.31.31:669][  0]LogPackFactory: Copied "../../../Samples/StarterContent/Content/StarterContent/Architecture/Wall_Door_400x400.uasset" to "M:/ZombBard/Content/StarterContent/Architecture/Wall_Door_400x400.uasset"
[2018.01.27-17.31.31:681][  0]LogPackFactory: Copied "../../../Samples/StarterContent/Content/StarterContent/Architecture/Wall_Window_400x300.uasset" to "M:/ZombBard/Content/StarterContent/Architecture/Wall_Window_400x300.uasset"
[2018.01.27-17.31.31:692][  0]LogPackFactory: Copied "../../../Samples/StarterContent/Content/StarterContent/Architecture/Wall_Window_400x400.uasset" to "M:/ZombBard/Content/StarterContent/Architecture/Wall_Window_400x400.uasset"
[2018.01.27-17.31.31:710][  0]LogPackFactory: Copied "../../../Samples/StarterContent/Content/StarterContent/Audio/Collapse01.uasset" to "M:/ZombBard/Content/StarterContent/Audio/Collapse01.uasset"
[2018.01.27-17.31.31:744][  0]LogPackFactory: Copied "../../../Samples/StarterContent/Content/StarterContent/Audio/Collapse02.uasset" to "M:/ZombBard/Content/StarterContent/Audio/Collapse02.uasset"
[2018.01.27-17.31.31:754][  0]LogPackFactory: Copied "../../../Samples/StarterContent/Content/StarterContent/Audio/Collapse_Cue.uasset" to "M:/ZombBard/Content/StarterContent/Audio/Collapse_Cue.uasset"
[2018.01.27-17.31.31:776][  0]LogPackFactory: Copied "../../../Samples/StarterContent/Content/StarterContent/Audio/Explosion01.uasset" to "M:/ZombBard/Content/StarterContent/Audio/Explosion01.uasset"
[2018.01.27-17.31.31:798][  0]LogPackFactory: Copied "../../../Samples/StarterContent/Content/StarterContent/Audio/Explosion02.uasset" to "M:/ZombBard/Content/StarterContent/Audio/Explosion02.uasset"
[2018.01.27-17.31.31:809][  0]LogPackFactory: Copied "../../../Samples/StarterContent/Content/StarterContent/Audio/Explosion_Cue.uasset" to "M:/ZombBard/Content/StarterContent/Audio/Explosion_Cue.uasset"
[2018.01.27-17.31.31:831][  0]LogPackFactory: Copied "../../../Samples/StarterContent/Content/StarterContent/Audio/Fire01.uasset" to "M:/ZombBard/Content/StarterContent/Audio/Fire01.uasset"
[2018.01.27-17.31.31:843][  0]LogPackFactory: Copied "../../../Samples/StarterContent/Content/StarterContent/Audio/Fire01_Cue.uasset" to "M:/ZombBard/Content/StarterContent/Audio/Fire01_Cue.uasset"
[2018.01.27-17.31.31:870][  0]LogPackFactory: Copied "../../../Samples/StarterContent/Content/StarterContent/Audio/Fire_Sparks01.uasset" to "M:/ZombBard/Content/StarterContent/Audio/Fire_Sparks01.uasset"
[2018.01.27-17.31.31:882][  0]LogPackFactory: Copied "../../../Samples/StarterContent/Content/StarterContent/Audio/Fire_Sparks01_Cue.uasset" to "M:/ZombBard/Content/StarterContent/Audio/Fire_Sparks01_Cue.uasset"
[2018.01.27-17.31.31:901][  0]LogPackFactory: Copied "../../../Samples/StarterContent/Content/StarterContent/Audio/Light01.uasset" to "M:/ZombBard/Content/StarterContent/Audio/Light01.uasset"
[2018.01.27-17.31.31:913][  0]LogPackFactory: Copied "../../../Samples/StarterContent/Content/StarterContent/Audio/Light01_Cue.uasset" to "M:/ZombBard/Content/StarterContent/Audio/Light01_Cue.uasset"
[2018.01.27-17.31.31:930][  0]LogPackFactory: Copied "../../../Samples/StarterContent/Content/StarterContent/Audio/Light02.uasset" to "M:/ZombBard/Content/StarterContent/Audio/Light02.uasset"
[2018.01.27-17.31.31:942][  0]LogPackFactory: Copied "../../../Samples/StarterContent/Content/StarterContent/Audio/Light02_Cue.uasset" to "M:/ZombBard/Content/StarterContent/Audio/Light02_Cue.uasset"
[2018.01.27-17.31.31:963][  0]LogPackFactory: Copied "../../../Samples/StarterContent/Content/StarterContent/Audio/Smoke01.uasset" to "M:/ZombBard/Content/StarterContent/Audio/Smoke01.uasset"
[2018.01.27-17.31.31:975][  0]LogPackFactory: Copied "../../../Samples/StarterContent/Content/StarterContent/Audio/Smoke01_Cue.uasset" to "M:/ZombBard/Content/StarterContent/Audio/Smoke01_Cue.uasset"
[2018.01.27-17.31.31:987][  0]LogPackFactory: Copied "../../../Samples/StarterContent/Content/StarterContent/Audio/Starter_Background_Cue.uasset" to "M:/ZombBard/Content/StarterContent/Audio/Starter_Background_Cue.uasset"
[2018.01.27-17.31.32:046][  0]LogPackFactory: Copied "../../../Samples/StarterContent/Content/StarterContent/Audio/Starter_Birds01.uasset" to "M:/ZombBard/Content/StarterContent/Audio/Starter_Birds01.uasset"
[2018.01.27-17.31.32:198][  0]LogPackFactory: Copied "../../../Samples/StarterContent/Content/StarterContent/Audio/Starter_Music01.uasset" to "M:/ZombBard/Content/StarterContent/Audio/Starter_Music01.uasset"
[2018.01.27-17.31.32:215][  0]LogPackFactory: Copied "../../../Samples/StarterContent/Content/StarterContent/Audio/Starter_Music_Cue.uasset" to "M:/ZombBard/Content/StarterContent/Audio/Starter_Music_Cue.uasset"
[2018.01.27-17.31.32:275][  0]LogPackFactory: Copied "../../../Samples/StarterContent/Content/StarterContent/Audio/Starter_Wind05.uasset" to "M:/ZombBard/Content/StarterContent/Audio/Starter_Wind05.uasset"
[2018.01.27-17.31.32:345][  0]LogPackFactory: Copied "../../../Samples/StarterContent/Content/StarterContent/Audio/Starter_Wind06.uasset" to "M:/ZombBard/Content/StarterContent/Audio/Starter_Wind06.uasset"
[2018.01.27-17.31.32:382][  0]LogPackFactory: Copied "../../../Samples/StarterContent/Content/StarterContent/Audio/Steam01.uasset" to "M:/ZombBard/Content/StarterContent/Audio/Steam01.uasset"
[2018.01.27-17.31.32:398][  0]LogPackFactory: Copied "../../../Samples/StarterContent/Content/StarterContent/Audio/Steam01_Cue.uasset" to "M:/ZombBard/Content/StarterContent/Audio/Steam01_Cue.uasset"
[2018.01.27-17.31.32:415][  0]LogPackFactory: Copied "../../../Samples/StarterContent/Content/StarterContent/Blueprints/Blueprint_CeilingLight.uasset" to "M:/ZombBard/Content/StarterContent/Blueprints/Blueprint_CeilingLight.uasset"
[2018.01.27-17.31.32:431][  0]LogPackFactory: Copied "../../../Samples/StarterContent/Content/StarterContent/Blueprints/Blueprint_Effect_Explosion.uasset" to "M:/ZombBard/Content/StarterContent/Blueprints/Blueprint_Effect_Explosion.uasset"
[2018.01.27-17.31.32:446][  0]LogPackFactory: Copied "../../../Samples/StarterContent/Content/StarterContent/Blueprints/Blueprint_Effect_Fire.uasset" to "M:/ZombBard/Content/StarterContent/Blueprints/Blueprint_Effect_Fire.uasset"
[2018.01.27-17.31.32:461][  0]LogPackFactory: Copied "../../../Samples/StarterContent/Content/StarterContent/Blueprints/Blueprint_Effect_Smoke.uasset" to "M:/ZombBard/Content/StarterContent/Blueprints/Blueprint_Effect_Smoke.uasset"
[2018.01.27-17.31.32:476][  0]LogPackFactory: Copied "../../../Samples/StarterContent/Content/StarterContent/Blueprints/Blueprint_Effect_Sparks.uasset" to "M:/ZombBard/Content/StarterContent/Blueprints/Blueprint_Effect_Sparks.uasset"
[2018.01.27-17.31.32:490][  0]LogPackFactory: Copied "../../../Samples/StarterContent/Content/StarterContent/Blueprints/Blueprint_Effect_Steam.uasset" to "M:/ZombBard/Content/StarterContent/Blueprints/Blueprint_Effect_Steam.uasset"
[2018.01.27-17.31.32:508][  0]LogPackFactory: Copied "../../../Samples/StarterContent/Content/StarterContent/Blueprints/Blueprint_WallSconce.uasset" to "M:/ZombBard/Content/StarterContent/Blueprints/Blueprint_WallSconce.uasset"
[2018.01.27-17.31.32:528][  0]LogPackFactory: Copied "../../../Samples/StarterContent/Content/StarterContent/Blueprints/BP_LightStudio.uasset" to "M:/ZombBard/Content/StarterContent/Blueprints/BP_LightStudio.uasset"
[2018.01.27-17.31.32:544][  0]LogPackFactory: Copied "../../../Samples/StarterContent/Content/StarterContent/Blueprints/Assets/FogBrightnessLUT.uasset" to "M:/ZombBard/Content/StarterContent/Blueprints/Assets/FogBrightnessLUT.uasset"
[2018.01.27-17.31.32:561][  0]LogPackFactory: Copied "../../../Samples/StarterContent/Content/StarterContent/Blueprints/Assets/M_LightStage_Arrows.uasset" to "M:/ZombBard/Content/StarterContent/Blueprints/Assets/M_LightStage_Arrows.uasset"
[2018.01.27-17.31.32:579][  0]LogPackFactory: Copied "../../../Samples/StarterContent/Content/StarterContent/Blueprints/Assets/M_LightStage_Skybox_Black.uasset" to "M:/ZombBard/Content/StarterContent/Blueprints/Assets/M_LightStage_Skybox_Black.uasset"
[2018.01.27-17.31.32:597][  0]LogPackFactory: Copied "../../../Samples/StarterContent/Content/StarterContent/Blueprints/Assets/M_LightStage_Skybox_HDRI.uasset" to "M:/ZombBard/Content/StarterContent/Blueprints/Assets/M_LightStage_Skybox_HDRI.uasset"
[2018.01.27-17.31.32:614][  0]LogPackFactory: Copied "../../../Samples/StarterContent/Content/StarterContent/Blueprints/Assets/M_LightStage_Skybox_Master.uasset" to "M:/ZombBard/Content/StarterContent/Blueprints/Assets/M_LightStage_Skybox_Master.uasset"
[2018.01.27-17.31.32:646][  0]LogPackFactory: Copied "../../../Samples/StarterContent/Content/StarterContent/Blueprints/Assets/Skybox.uasset" to "M:/ZombBard/Content/StarterContent/Blueprints/Assets/Skybox.uasset"
[2018.01.27-17.31.32:671][  0]LogPackFactory: Copied "../../../Samples/StarterContent/Content/StarterContent/Blueprints/Assets/SM_Arrows.uasset" to "M:/ZombBard/Content/StarterContent/Blueprints/Assets/SM_Arrows.uasset"
[2018.01.27-17.31.32:686][  0]LogPackFactory: Copied "../../../Samples/StarterContent/Content/StarterContent/Blueprints/Assets/SunlightColorLUT.uasset" to "M:/ZombBard/Content/StarterContent/Blueprints/Assets/SunlightColorLUT.uasset"
[2018.01.27-17.31.33:911][  0]LogPackFactory: Copied "../../../Samples/StarterContent/Content/StarterContent/HDRI/HDRI_Epic_Courtyard_Daylight.uasset" to "M:/ZombBard/Content/StarterContent/HDRI/HDRI_Epic_Courtyard_Daylight.uasset"
[2018.01.27-17.31.33:929][  0]LogPackFactory: Copied "../../../Samples/StarterContent/Content/StarterContent/Maps/Advanced_Lighting.umap" to "M:/ZombBard/Content/StarterContent/Maps/Advanced_Lighting.umap"
[2018.01.27-17.31.33:948][  0]LogPackFactory: Copied "../../../Samples/StarterContent/Content/StarterContent/Maps/Advanced_Lighting_BuiltData.uasset" to "M:/ZombBard/Content/StarterContent/Maps/Advanced_Lighting_BuiltData.uasset"
[2018.01.27-17.31.33:989][  0]LogPackFactory: Copied "../../../Samples/StarterContent/Content/StarterContent/Maps/Minimal_Default.umap" to "M:/ZombBard/Content/StarterContent/Maps/Minimal_Default.umap"
[2018.01.27-17.31.34:022][  0]LogPackFactory: Copied "../../../Samples/StarterContent/Content/StarterContent/Maps/Minimal_Default_BuiltData.uasset" to "M:/ZombBard/Content/StarterContent/Maps/Minimal_Default_BuiltData.uasset"
[2018.01.27-17.31.34:151][  0]LogPackFactory: Copied "../../../Samples/StarterContent/Content/StarterContent/Maps/StarterMap.umap" to "M:/ZombBard/Content/StarterContent/Maps/StarterMap.umap"
[2018.01.27-17.31.34:454][  0]LogPackFactory: Copied "../../../Samples/StarterContent/Content/StarterContent/Maps/StarterMap_BuiltData.uasset" to "M:/ZombBard/Content/StarterContent/Maps/StarterMap_BuiltData.uasset"
[2018.01.27-17.31.34:473][  0]LogPackFactory: Copied "../../../Samples/StarterContent/Content/StarterContent/Materials/M_AssetPlatform.uasset" to "M:/ZombBard/Content/StarterContent/Materials/M_AssetPlatform.uasset"
[2018.01.27-17.31.34:484][  0]LogPackFactory: Copied "../../../Samples/StarterContent/Content/StarterContent/Materials/M_Basic_Floor.uasset" to "M:/ZombBard/Content/StarterContent/Materials/M_Basic_Floor.uasset"
[2018.01.27-17.31.34:495][  0]LogPackFactory: Copied "../../../Samples/StarterContent/Content/StarterContent/Materials/M_Basic_Wall.uasset" to "M:/ZombBard/Content/StarterContent/Materials/M_Basic_Wall.uasset"
[2018.01.27-17.31.34:507][  0]LogPackFactory: Copied "../../../Samples/StarterContent/Content/StarterContent/Materials/M_Brick_Clay_Beveled.uasset" to "M:/ZombBard/Content/StarterContent/Materials/M_Brick_Clay_Beveled.uasset"
[2018.01.27-17.31.34:519][  0]LogPackFactory: Copied "../../../Samples/StarterContent/Content/StarterContent/Materials/M_Brick_Clay_New.uasset" to "M:/ZombBard/Content/StarterContent/Materials/M_Brick_Clay_New.uasset"
[2018.01.27-17.31.34:533][  0]LogPackFactory: Copied "../../../Samples/StarterContent/Content/StarterContent/Materials/M_Brick_Clay_Old.uasset" to "M:/ZombBard/Content/StarterContent/Materials/M_Brick_Clay_Old.uasset"
[2018.01.27-17.31.34:546][  0]LogPackFactory: Copied "../../../Samples/StarterContent/Content/StarterContent/Materials/M_Brick_Cut_Stone.uasset" to "M:/ZombBard/Content/StarterContent/Materials/M_Brick_Cut_Stone.uasset"
[2018.01.27-17.31.34:560][  0]LogPackFactory: Copied "../../../Samples/StarterContent/Content/StarterContent/Materials/M_Brick_Hewn_Stone.uasset" to "M:/ZombBard/Content/StarterContent/Materials/M_Brick_Hewn_Stone.uasset"
[2018.01.27-17.31.34:571][  0]LogPackFactory: Copied "../../../Samples/StarterContent/Content/StarterContent/Materials/M_Ceramic_Tile_Checker.uasset" to "M:/ZombBard/Content/StarterContent/Materials/M_Ceramic_Tile_Checker.uasset"
[2018.01.27-17.31.34:581][  0]LogPackFactory: Copied "../../../Samples/StarterContent/Content/StarterContent/Materials/M_CobbleStone_Pebble.uasset" to "M:/ZombBard/Content/StarterContent/Materials/M_CobbleStone_Pebble.uasset"
[2018.01.27-17.31.34:594][  0]LogPackFactory: Copied "../../../Samples/StarterContent/Content/StarterContent/Materials/M_CobbleStone_Rough.uasset" to "M:/ZombBard/Content/StarterContent/Materials/M_CobbleStone_Rough.uasset"
[2018.01.27-17.31.34:607][  0]LogPackFactory: Copied "../../../Samples/StarterContent/Content/StarterContent/Materials/M_CobbleStone_Smooth.uasset" to "M:/ZombBard/Content/StarterContent/Materials/M_CobbleStone_Smooth.uasset"
[2018.01.27-17.31.34:620][  0]LogPackFactory: Copied "../../../Samples/StarterContent/Content/StarterContent/Materials/M_ColorGrid_LowSpec.uasset" to "M:/ZombBard/Content/StarterContent/Materials/M_ColorGrid_LowSpec.uasset"
[2018.01.27-17.31.34:635][  0]LogPackFactory: Copied "../../../Samples/StarterContent/Content/StarterContent/Materials/M_Concrete_Grime.uasset" to "M:/ZombBard/Content/StarterContent/Materials/M_Concrete_Grime.uasset"
[2018.01.27-17.31.34:651][  0]LogPackFactory: Copied "../../../Samples/StarterContent/Content/StarterContent/Materials/M_Concrete_Panels.uasset" to "M:/ZombBard/Content/StarterContent/Materials/M_Concrete_Panels.uasset"
[2018.01.27-17.31.34:666][  0]LogPackFactory: Copied "../../../Samples/StarterContent/Content/StarterContent/Materials/M_Concrete_Poured.uasset" to "M:/ZombBard/Content/StarterContent/Materials/M_Concrete_Poured.uasset"
[2018.01.27-17.31.34:682][  0]LogPackFactory: Copied "../../../Samples/StarterContent/Content/StarterContent/Materials/M_Concrete_Tiles.uasset" to "M:/ZombBard/Content/StarterContent/Materials/M_Concrete_Tiles.uasset"
[2018.01.27-17.31.34:697][  0]LogPackFactory: Copied "../../../Samples/StarterContent/Content/StarterContent/Materials/M_Glass.uasset" to "M:/ZombBard/Content/StarterContent/Materials/M_Glass.uasset"
[2018.01.27-17.31.34:712][  0]LogPackFactory: Copied "../../../Samples/StarterContent/Content/StarterContent/Materials/M_Ground_Grass.uasset" to "M:/ZombBard/Content/StarterContent/Materials/M_Ground_Grass.uasset"
[2018.01.27-17.31.34:728][  0]LogPackFactory: Copied "../../../Samples/StarterContent/Content/StarterContent/Materials/M_Ground_Gravel.uasset" to "M:/ZombBard/Content/StarterContent/Materials/M_Ground_Gravel.uasset"
[2018.01.27-17.31.34:744][  0]LogPackFactory: Copied "../../../Samples/StarterContent/Content/StarterContent/Materials/M_Ground_Moss.uasset" to "M:/ZombBard/Content/StarterContent/Materials/M_Ground_Moss.uasset"
[2018.01.27-17.31.34:759][  0]LogPackFactory: Copied "../../../Samples/StarterContent/Content/StarterContent/Materials/M_Metal_Brushed_Nickel.uasset" to "M:/ZombBard/Content/StarterContent/Materials/M_Metal_Brushed_Nickel.uasset"
[2018.01.27-17.31.34:775][  0]LogPackFactory: Copied "../../../Samples/StarterContent/Content/StarterContent/Materials/M_Metal_Burnished_Steel.uasset" to "M:/ZombBard/Content/StarterContent/Materials/M_Metal_Burnished_Steel.uasset"
[2018.01.27-17.31.34:789][  0]LogPackFactory: Copied "../../../Samples/StarterContent/Content/StarterContent/Materials/M_Metal_Chrome.uasset" to "M:/ZombBard/Content/StarterContent/Materials/M_Metal_Chrome.uasset"
[2018.01.27-17.31.34:804][  0]LogPackFactory: Copied "../../../Samples/StarterContent/Content/StarterContent/Materials/M_Metal_Copper.uasset" to "M:/ZombBard/Content/StarterContent/Materials/M_Metal_Copper.uasset"
[2018.01.27-17.31.34:820][  0]LogPackFactory: Copied "../../../Samples/StarterContent/Content/StarterContent/Materials/M_Metal_Gold.uasset" to "M:/ZombBard/Content/StarterContent/Materials/M_Metal_Gold.uasset"
[2018.01.27-17.31.34:836][  0]LogPackFactory: Copied "../../../Samples/StarterContent/Content/StarterContent/Materials/M_Metal_Rust.uasset" to "M:/ZombBard/Content/StarterContent/Materials/M_Metal_Rust.uasset"
[2018.01.27-17.31.34:851][  0]LogPackFactory: Copied "../../../Samples/StarterContent/Content/StarterContent/Materials/M_Metal_Steel.uasset" to "M:/ZombBard/Content/StarterContent/Materials/M_Metal_Steel.uasset"
[2018.01.27-17.31.34:868][  0]LogPackFactory: Copied "../../../Samples/StarterContent/Content/StarterContent/Materials/M_Rock_Basalt.uasset" to "M:/ZombBard/Content/StarterContent/Materials/M_Rock_Basalt.uasset"
[2018.01.27-17.31.34:885][  0]LogPackFactory: Copied "../../../Samples/StarterContent/Content/StarterContent/Materials/M_Rock_Marble_Polished.uasset" to "M:/ZombBard/Content/StarterContent/Materials/M_Rock_Marble_Polished.uasset"
[2018.01.27-17.31.34:900][  0]LogPackFactory: Copied "../../../Samples/StarterContent/Content/StarterContent/Materials/M_Rock_Sandstone.uasset" to "M:/ZombBard/Content/StarterContent/Materials/M_Rock_Sandstone.uasset"
[2018.01.27-17.31.34:916][  0]LogPackFactory: Copied "../../../Samples/StarterContent/Content/StarterContent/Materials/M_Rock_Slate.uasset" to "M:/ZombBard/Content/StarterContent/Materials/M_Rock_Slate.uasset"
[2018.01.27-17.31.34:931][  0]LogPackFactory: Copied "../../../Samples/StarterContent/Content/StarterContent/Materials/M_Tech_Checker_Dot.uasset" to "M:/ZombBard/Content/StarterContent/Materials/M_Tech_Checker_Dot.uasset"
[2018.01.27-17.31.34:948][  0]LogPackFactory: Copied "../../../Samples/StarterContent/Content/StarterContent/Materials/M_Tech_Hex_Tile.uasset" to "M:/ZombBard/Content/StarterContent/Materials/M_Tech_Hex_Tile.uasset"
[2018.01.27-17.31.34:963][  0]LogPackFactory: Copied "../../../Samples/StarterContent/Content/StarterContent/Materials/M_Tech_Hex_Tile_Pulse.uasset" to "M:/ZombBard/Content/StarterContent/Materials/M_Tech_Hex_Tile_Pulse.uasset"
[2018.01.27-17.31.34:978][  0]LogPackFactory: Copied "../../../Samples/StarterContent/Content/StarterContent/Materials/M_Tech_Panel.uasset" to "M:/ZombBard/Content/StarterContent/Materials/M_Tech_Panel.uasset"
[2018.01.27-17.31.34:994][  0]LogPackFactory: Copied "../../../Samples/StarterContent/Content/StarterContent/Materials/M_Water_Lake.uasset" to "M:/ZombBard/Content/StarterContent/Materials/M_Water_Lake.uasset"
[2018.01.27-17.31.35:010][  0]LogPackFactory: Copied "../../../Samples/StarterContent/Content/StarterContent/Materials/M_Water_Ocean.uasset" to "M:/ZombBard/Content/StarterContent/Materials/M_Water_Ocean.uasset"
[2018.01.27-17.31.35:026][  0]LogPackFactory: Copied "../../../Samples/StarterContent/Content/StarterContent/Materials/M_Wood_Floor_Walnut_Polished.uasset" to "M:/ZombBard/Content/StarterContent/Materials/M_Wood_Floor_Walnut_Polished.uasset"
[2018.01.27-17.31.35:041][  0]LogPackFactory: Copied "../../../Samples/StarterContent/Content/StarterContent/Materials/M_Wood_Floor_Walnut_Worn.uasset" to "M:/ZombBard/Content/StarterContent/Materials/M_Wood_Floor_Walnut_Worn.uasset"
[2018.01.27-17.31.35:057][  0]LogPackFactory: Copied "../../../Samples/StarterContent/Content/StarterContent/Materials/M_Wood_Oak.uasset" to "M:/ZombBard/Content/StarterContent/Materials/M_Wood_Oak.uasset"
[2018.01.27-17.31.35:098][  0]LogPackFactory: Copied "../../../Samples/StarterContent/Content/StarterContent/Materials/M_Wood_Pine.uasset" to "M:/ZombBard/Content/StarterContent/Materials/M_Wood_Pine.uasset"
[2018.01.27-17.31.35:118][  0]LogPackFactory: Copied "../../../Samples/StarterContent/Content/StarterContent/Materials/M_Wood_Walnut.uasset" to "M:/ZombBard/Content/StarterContent/Materials/M_Wood_Walnut.uasset"
[2018.01.27-17.31.35:136][  0]LogPackFactory: Copied "../../../Samples/StarterContent/Content/StarterContent/Particles/P_Ambient_Dust.uasset" to "M:/ZombBard/Content/StarterContent/Particles/P_Ambient_Dust.uasset"
[2018.01.27-17.31.35:157][  0]LogPackFactory: Copied "../../../Samples/StarterContent/Content/StarterContent/Particles/P_Explosion.uasset" to "M:/ZombBard/Content/StarterContent/Particles/P_Explosion.uasset"
[2018.01.27-17.31.35:175][  0]LogPackFactory: Copied "../../../Samples/StarterContent/Content/StarterContent/Particles/P_Fire.uasset" to "M:/ZombBard/Content/StarterContent/Particles/P_Fire.uasset"
[2018.01.27-17.31.35:190][  0]LogPackFactory: Copied "../../../Samples/StarterContent/Content/StarterContent/Particles/P_Smoke.uasset" to "M:/ZombBard/Content/StarterContent/Particles/P_Smoke.uasset"
[2018.01.27-17.31.35:205][  0]LogPackFactory: Copied "../../../Samples/StarterContent/Content/StarterContent/Particles/P_Sparks.uasset" to "M:/ZombBard/Content/StarterContent/Particles/P_Sparks.uasset"
[2018.01.27-17.31.35:221][  0]LogPackFactory: Copied "../../../Samples/StarterContent/Content/StarterContent/Particles/P_Steam_Lit.uasset" to "M:/ZombBard/Content/StarterContent/Particles/P_Steam_Lit.uasset"
[2018.01.27-17.31.35:239][  0]LogPackFactory: Copied "../../../Samples/StarterContent/Content/StarterContent/Particles/Materials/M_Burst.uasset" to "M:/ZombBard/Content/StarterContent/Particles/Materials/M_Burst.uasset"
[2018.01.27-17.31.35:255][  0]LogPackFactory: Copied "../../../Samples/StarterContent/Content/StarterContent/Particles/Materials/M_Dust_Particle.uasset" to "M:/ZombBard/Content/StarterContent/Particles/Materials/M_Dust_Particle.uasset"
[2018.01.27-17.31.35:271][  0]LogPackFactory: Copied "../../../Samples/StarterContent/Content/StarterContent/Particles/Materials/M_explosion_subUV.uasset" to "M:/ZombBard/Content/StarterContent/Particles/Materials/M_explosion_subUV.uasset"
[2018.01.27-17.31.35:287][  0]LogPackFactory: Copied "../../../Samples/StarterContent/Content/StarterContent/Particles/Materials/M_Fire_SubUV.uasset" to "M:/ZombBard/Content/StarterContent/Particles/Materials/M_Fire_SubUV.uasset"
[2018.01.27-17.31.35:301][  0]LogPackFactory: Copied "../../../Samples/StarterContent/Content/StarterContent/Particles/Materials/m_flare_01.uasset" to "M:/ZombBard/Content/StarterContent/Particles/Materials/m_flare_01.uasset"
[2018.01.27-17.31.35:317][  0]LogPackFactory: Copied "../../../Samples/StarterContent/Content/StarterContent/Particles/Materials/M_Heat_Distortion.uasset" to "M:/ZombBard/Content/StarterContent/Particles/Materials/M_Heat_Distortion.uasset"
[2018.01.27-17.31.35:332][  0]LogPackFactory: Copied "../../../Samples/StarterContent/Content/StarterContent/Particles/Materials/M_Radial_Gradient.uasset" to "M:/ZombBard/Content/StarterContent/Particles/Materials/M_Radial_Gradient.uasset"
[2018.01.27-17.31.35:347][  0]LogPackFactory: Copied "../../../Samples/StarterContent/Content/StarterContent/Particles/Materials/M_radial_ramp.uasset" to "M:/ZombBard/Content/StarterContent/Particles/Materials/M_radial_ramp.uasset"
[2018.01.27-17.31.35:363][  0]LogPackFactory: Copied "../../../Samples/StarterContent/Content/StarterContent/Particles/Materials/M_smoke_subUV.uasset" to "M:/ZombBard/Content/StarterContent/Particles/Materials/M_smoke_subUV.uasset"
[2018.01.27-17.31.35:379][  0]LogPackFactory: Copied "../../../Samples/StarterContent/Content/StarterContent/Particles/Materials/M_Spark.uasset" to "M:/ZombBard/Content/StarterContent/Particles/Materials/M_Spark.uasset"
[2018.01.27-17.31.35:395][  0]LogPackFactory: Copied "../../../Samples/StarterContent/Content/StarterContent/Props/MaterialSphere.uasset" to "M:/ZombBard/Content/StarterContent/Props/MaterialSphere.uasset"
[2018.01.27-17.31.35:412][  0]LogPackFactory: Copied "../../../Samples/StarterContent/Content/StarterContent/Props/SM_Bush.uasset" to "M:/ZombBard/Content/StarterContent/Props/SM_Bush.uasset"
[2018.01.27-17.31.35:430][  0]LogPackFactory: Copied "../../../Samples/StarterContent/Content/StarterContent/Props/SM_Chair.uasset" to "M:/ZombBard/Content/StarterContent/Props/SM_Chair.uasset"
[2018.01.27-17.31.35:444][  0]LogPackFactory: Copied "../../../Samples/StarterContent/Content/StarterContent/Props/SM_CornerFrame.uasset" to "M:/ZombBard/Content/StarterContent/Props/SM_CornerFrame.uasset"
[2018.01.27-17.31.35:462][  0]LogPackFactory: Copied "../../../Samples/StarterContent/Content/StarterContent/Props/SM_Couch.uasset" to "M:/ZombBard/Content/StarterContent/Props/SM_Couch.uasset"
[2018.01.27-17.31.35:479][  0]LogPackFactory: Copied "../../../Samples/StarterContent/Content/StarterContent/Props/SM_Door.uasset" to "M:/ZombBard/Content/StarterContent/Props/SM_Door.uasset"
[2018.01.27-17.31.35:493][  0]LogPackFactory: Copied "../../../Samples/StarterContent/Content/StarterContent/Props/SM_DoorFrame.uasset" to "M:/ZombBard/Content/StarterContent/Props/SM_DoorFrame.uasset"
[2018.01.27-17.31.35:508][  0]LogPackFactory: Copied "../../../Samples/StarterContent/Content/StarterContent/Props/SM_GlassWindow.uasset" to "M:/ZombBard/Content/StarterContent/Props/SM_GlassWindow.uasset"
[2018.01.27-17.31.35:536][  0]LogPackFactory: Copied "../../../Samples/StarterContent/Content/StarterContent/Props/SM_Lamp_Ceiling.uasset" to "M:/ZombBard/Content/StarterContent/Props/SM_Lamp_Ceiling.uasset"
[2018.01.27-17.31.35:552][  0]LogPackFactory: Copied "../../../Samples/StarterContent/Content/StarterContent/Props/SM_Lamp_Wall.uasset" to "M:/ZombBard/Content/StarterContent/Props/SM_Lamp_Wall.uasset"
[2018.01.27-17.31.35:612][  0]LogPackFactory: Copied "../../../Samples/StarterContent/Content/StarterContent/Props/SM_MatPreviewMesh_02.uasset" to "M:/ZombBard/Content/StarterContent/Props/SM_MatPreviewMesh_02.uasset"
[2018.01.27-17.31.35:628][  0]LogPackFactory: Copied "../../../Samples/StarterContent/Content/StarterContent/Props/SM_PillarFrame.uasset" to "M:/ZombBard/Content/StarterContent/Props/SM_PillarFrame.uasset"
[2018.01.27-17.31.35:640][  0]LogPackFactory: Copied "../../../Samples/StarterContent/Content/StarterContent/Props/SM_PillarFrame300.uasset" to "M:/ZombBard/Content/StarterContent/Props/SM_PillarFrame300.uasset"
[2018.01.27-17.31.35:652][  0]LogPackFactory: Copied "../../../Samples/StarterContent/Content/StarterContent/Props/SM_Rock.uasset" to "M:/ZombBard/Content/StarterContent/Props/SM_Rock.uasset"
[2018.01.27-17.31.35:662][  0]LogPackFactory: Copied "../../../Samples/StarterContent/Content/StarterContent/Props/SM_Shelf.uasset" to "M:/ZombBard/Content/StarterContent/Props/SM_Shelf.uasset"
[2018.01.27-17.31.35:671][  0]LogPackFactory: Copied "../../../Samples/StarterContent/Content/StarterContent/Props/SM_Stairs.uasset" to "M:/ZombBard/Content/StarterContent/Props/SM_Stairs.uasset"
[2018.01.27-17.31.35:689][  0]LogPackFactory: Copied "../../../Samples/StarterContent/Content/StarterContent/Props/SM_Statue.uasset" to "M:/ZombBard/Content/StarterContent/Props/SM_Statue.uasset"
[2018.01.27-17.31.35:708][  0]LogPackFactory: Copied "../../../Samples/StarterContent/Content/StarterContent/Props/SM_TableRound.uasset" to "M:/ZombBard/Content/StarterContent/Props/SM_TableRound.uasset"
[2018.01.27-17.31.35:718][  0]LogPackFactory: Copied "../../../Samples/StarterContent/Content/StarterContent/Props/SM_WindowFrame.uasset" to "M:/ZombBard/Content/StarterContent/Props/SM_WindowFrame.uasset"
[2018.01.27-17.31.35:735][  0]LogPackFactory: Copied "../../../Samples/StarterContent/Content/StarterContent/Props/Materials/M_Bush.uasset" to "M:/ZombBard/Content/StarterContent/Props/Materials/M_Bush.uasset"
[2018.01.27-17.31.35:746][  0]LogPackFactory: Copied "../../../Samples/StarterContent/Content/StarterContent/Props/Materials/M_Chair.uasset" to "M:/ZombBard/Content/StarterContent/Props/Materials/M_Chair.uasset"
[2018.01.27-17.31.35:758][  0]LogPackFactory: Copied "../../../Samples/StarterContent/Content/StarterContent/Props/Materials/M_Door.uasset" to "M:/ZombBard/Content/StarterContent/Props/Materials/M_Door.uasset"
[2018.01.27-17.31.35:769][  0]LogPackFactory: Copied "../../../Samples/StarterContent/Content/StarterContent/Props/Materials/M_Frame.uasset" to "M:/ZombBard/Content/StarterContent/Props/Materials/M_Frame.uasset"
[2018.01.27-17.31.35:781][  0]LogPackFactory: Copied "../../../Samples/StarterContent/Content/StarterContent/Props/Materials/M_Lamp.uasset" to "M:/ZombBard/Content/StarterContent/Props/Materials/M_Lamp.uasset"
[2018.01.27-17.31.35:792][  0]LogPackFactory: Copied "../../../Samples/StarterContent/Content/StarterContent/Props/Materials/M_MaterialSphere.uasset" to "M:/ZombBard/Content/StarterContent/Props/Materials/M_MaterialSphere.uasset"
[2018.01.27-17.31.35:803][  0]LogPackFactory: Copied "../../../Samples/StarterContent/Content/StarterContent/Props/Materials/M_MaterialSphere_Plain.uasset" to "M:/ZombBard/Content/StarterContent/Props/Materials/M_MaterialSphere_Plain.uasset"
[2018.01.27-17.31.35:815][  0]LogPackFactory: Copied "../../../Samples/StarterContent/Content/StarterContent/Props/Materials/M_Rock.uasset" to "M:/ZombBard/Content/StarterContent/Props/Materials/M_Rock.uasset"
[2018.01.27-17.31.35:828][  0]LogPackFactory: Copied "../../../Samples/StarterContent/Content/StarterContent/Props/Materials/M_Shelf.uasset" to "M:/ZombBard/Content/StarterContent/Props/Materials/M_Shelf.uasset"
[2018.01.27-17.31.35:842][  0]LogPackFactory: Copied "../../../Samples/StarterContent/Content/StarterContent/Props/Materials/M_Statue.uasset" to "M:/ZombBard/Content/StarterContent/Props/Materials/M_Statue.uasset"
[2018.01.27-17.31.35:855][  0]LogPackFactory: Copied "../../../Samples/StarterContent/Content/StarterContent/Props/Materials/M_StatueGlass.uasset" to "M:/ZombBard/Content/StarterContent/Props/Materials/M_StatueGlass.uasset"
[2018.01.27-17.31.35:868][  0]LogPackFactory: Copied "../../../Samples/StarterContent/Content/StarterContent/Props/Materials/M_TableRound.uasset" to "M:/ZombBard/Content/StarterContent/Props/Materials/M_TableRound.uasset"
[2018.01.27-17.31.35:880][  0]LogPackFactory: Copied "../../../Samples/StarterContent/Content/StarterContent/Shapes/Shape_Cone.uasset" to "M:/ZombBard/Content/StarterContent/Shapes/Shape_Cone.uasset"
[2018.01.27-17.31.35:892][  0]LogPackFactory: Copied "../../../Samples/StarterContent/Content/StarterContent/Shapes/Shape_Cube.uasset" to "M:/ZombBard/Content/StarterContent/Shapes/Shape_Cube.uasset"
[2018.01.27-17.31.35:905][  0]LogPackFactory: Copied "../../../Samples/StarterContent/Content/StarterContent/Shapes/Shape_Cylinder.uasset" to "M:/ZombBard/Content/StarterContent/Shapes/Shape_Cylinder.uasset"
[2018.01.27-17.31.35:919][  0]LogPackFactory: Copied "../../../Samples/StarterContent/Content/StarterContent/Shapes/Shape_NarrowCapsule.uasset" to "M:/ZombBard/Content/StarterContent/Shapes/Shape_NarrowCapsule.uasset"
[2018.01.27-17.31.35:931][  0]LogPackFactory: Copied "../../../Samples/StarterContent/Content/StarterContent/Shapes/Shape_Pipe.uasset" to "M:/ZombBard/Content/StarterContent/Shapes/Shape_Pipe.uasset"
[2018.01.27-17.31.35:945][  0]LogPackFactory: Copied "../../../Samples/StarterContent/Content/StarterContent/Shapes/Shape_Pipe_180.uasset" to "M:/ZombBard/Content/StarterContent/Shapes/Shape_Pipe_180.uasset"
[2018.01.27-17.31.35:958][  0]LogPackFactory: Copied "../../../Samples/StarterContent/Content/StarterContent/Shapes/Shape_Pipe_90.uasset" to "M:/ZombBard/Content/StarterContent/Shapes/Shape_Pipe_90.uasset"
[2018.01.27-17.31.35:969][  0]LogPackFactory: Copied "../../../Samples/StarterContent/Content/StarterContent/Shapes/Shape_Plane.uasset" to "M:/ZombBard/Content/StarterContent/Shapes/Shape_Plane.uasset"
[2018.01.27-17.31.35:980][  0]LogPackFactory: Copied "../../../Samples/StarterContent/Content/StarterContent/Shapes/Shape_QuadPyramid.uasset" to "M:/ZombBard/Content/StarterContent/Shapes/Shape_QuadPyramid.uasset"
[2018.01.27-17.31.35:997][  0]LogPackFactory: Copied "../../../Samples/StarterContent/Content/StarterContent/Shapes/Shape_Sphere.uasset" to "M:/ZombBard/Content/StarterContent/Shapes/Shape_Sphere.uasset"
[2018.01.27-17.31.36:016][  0]LogPackFactory: Copied "../../../Samples/StarterContent/Content/StarterContent/Shapes/Shape_Torus.uasset" to "M:/ZombBard/Content/StarterContent/Shapes/Shape_Torus.uasset"
[2018.01.27-17.31.36:031][  0]LogPackFactory: Copied "../../../Samples/StarterContent/Content/StarterContent/Shapes/Shape_Trim.uasset" to "M:/ZombBard/Content/StarterContent/Shapes/Shape_Trim.uasset"
[2018.01.27-17.31.36:050][  0]LogPackFactory: Copied "../../../Samples/StarterContent/Content/StarterContent/Shapes/Shape_Trim_90_In.uasset" to "M:/ZombBard/Content/StarterContent/Shapes/Shape_Trim_90_In.uasset"
[2018.01.27-17.31.36:069][  0]LogPackFactory: Copied "../../../Samples/StarterContent/Content/StarterContent/Shapes/Shape_Trim_90_Out.uasset" to "M:/ZombBard/Content/StarterContent/Shapes/Shape_Trim_90_Out.uasset"
[2018.01.27-17.31.36:085][  0]LogPackFactory: Copied "../../../Samples/StarterContent/Content/StarterContent/Shapes/Shape_TriPyramid.uasset" to "M:/ZombBard/Content/StarterContent/Shapes/Shape_TriPyramid.uasset"
[2018.01.27-17.31.36:098][  0]LogPackFactory: Copied "../../../Samples/StarterContent/Content/StarterContent/Shapes/Shape_Tube.uasset" to "M:/ZombBard/Content/StarterContent/Shapes/Shape_Tube.uasset"
[2018.01.27-17.31.36:109][  0]LogPackFactory: Copied "../../../Samples/StarterContent/Content/StarterContent/Shapes/Shape_Wedge_A.uasset" to "M:/ZombBard/Content/StarterContent/Shapes/Shape_Wedge_A.uasset"
[2018.01.27-17.31.36:121][  0]LogPackFactory: Copied "../../../Samples/StarterContent/Content/StarterContent/Shapes/Shape_Wedge_B.uasset" to "M:/ZombBard/Content/StarterContent/Shapes/Shape_Wedge_B.uasset"
[2018.01.27-17.31.36:134][  0]LogPackFactory: Copied "../../../Samples/StarterContent/Content/StarterContent/Shapes/Shape_WideCapsule.uasset" to "M:/ZombBard/Content/StarterContent/Shapes/Shape_WideCapsule.uasset"
[2018.01.27-17.31.36:280][  0]LogPackFactory: Copied "../../../Samples/StarterContent/Content/StarterContent/Textures/T_Brick_Clay_Beveled_D.uasset" to "M:/ZombBard/Content/StarterContent/Textures/T_Brick_Clay_Beveled_D.uasset"
[2018.01.27-17.31.36:438][  0]LogPackFactory: Copied "../../../Samples/StarterContent/Content/StarterContent/Textures/T_Brick_Clay_Beveled_M.uasset" to "M:/ZombBard/Content/StarterContent/Textures/T_Brick_Clay_Beveled_M.uasset"
[2018.01.27-17.31.36:585][  0]LogPackFactory: Copied "../../../Samples/StarterContent/Content/StarterContent/Textures/T_Brick_Clay_Beveled_N.uasset" to "M:/ZombBard/Content/StarterContent/Textures/T_Brick_Clay_Beveled_N.uasset"
[2018.01.27-17.31.36:706][  0]LogPackFactory: Copied "../../../Samples/StarterContent/Content/StarterContent/Textures/T_Brick_Clay_New_D.uasset" to "M:/ZombBard/Content/StarterContent/Textures/T_Brick_Clay_New_D.uasset"
[2018.01.27-17.31.36:932][  0]LogPackFactory: Copied "../../../Samples/StarterContent/Content/StarterContent/Textures/T_Brick_Clay_New_M.uasset" to "M:/ZombBard/Content/StarterContent/Textures/T_Brick_Clay_New_M.uasset"
[2018.01.27-17.31.37:088][  0]LogPackFactory: Copied "../../../Samples/StarterContent/Content/StarterContent/Textures/T_Brick_Clay_New_N.uasset" to "M:/ZombBard/Content/StarterContent/Textures/T_Brick_Clay_New_N.uasset"
[2018.01.27-17.31.37:297][  0]LogPackFactory: Copied "../../../Samples/StarterContent/Content/StarterContent/Textures/T_Brick_Clay_Old_D.uasset" to "M:/ZombBard/Content/StarterContent/Textures/T_Brick_Clay_Old_D.uasset"
[2018.01.27-17.31.37:449][  0]LogPackFactory: Copied "../../../Samples/StarterContent/Content/StarterContent/Textures/T_Brick_Clay_Old_N.uasset" to "M:/ZombBard/Content/StarterContent/Textures/T_Brick_Clay_Old_N.uasset"
[2018.01.27-17.31.37:702][  0]LogPackFactory: Copied "../../../Samples/StarterContent/Content/StarterContent/Textures/T_Brick_Cut_Stone_D.uasset" to "M:/ZombBard/Content/StarterContent/Textures/T_Brick_Cut_Stone_D.uasset"
[2018.01.27-17.31.37:836][  0]LogPackFactory: Copied "../../../Samples/StarterContent/Content/StarterContent/Textures/T_Brick_Cut_Stone_N.uasset" to "M:/ZombBard/Content/StarterContent/Textures/T_Brick_Cut_Stone_N.uasset"
[2018.01.27-17.31.37:981][  0]LogPackFactory: Copied "../../../Samples/StarterContent/Content/StarterContent/Textures/T_Brick_Hewn_Stone_D.uasset" to "M:/ZombBard/Content/StarterContent/Textures/T_Brick_Hewn_Stone_D.uasset"
[2018.01.27-17.31.38:114][  0]LogPackFactory: Copied "../../../Samples/StarterContent/Content/StarterContent/Textures/T_Brick_Hewn_Stone_M.uasset" to "M:/ZombBard/Content/StarterContent/Textures/T_Brick_Hewn_Stone_M.uasset"
[2018.01.27-17.31.38:283][  0]LogPackFactory: Copied "../../../Samples/StarterContent/Content/StarterContent/Textures/T_Brick_Hewn_Stone_N.uasset" to "M:/ZombBard/Content/StarterContent/Textures/T_Brick_Hewn_Stone_N.uasset"
[2018.01.27-17.31.38:303][  0]LogPackFactory: Copied "../../../Samples/StarterContent/Content/StarterContent/Textures/T_Burst_M.uasset" to "M:/ZombBard/Content/StarterContent/Textures/T_Burst_M.uasset"
[2018.01.27-17.31.38:331][  0]LogPackFactory: Copied "../../../Samples/StarterContent/Content/StarterContent/Textures/T_Bush_D.uasset" to "M:/ZombBard/Content/StarterContent/Textures/T_Bush_D.uasset"
[2018.01.27-17.31.38:356][  0]LogPackFactory: Copied "../../../Samples/StarterContent/Content/StarterContent/Textures/T_Bush_N.uasset" to "M:/ZombBard/Content/StarterContent/Textures/T_Bush_N.uasset"
[2018.01.27-17.31.38:381][  0]LogPackFactory: Copied "../../../Samples/StarterContent/Content/StarterContent/Textures/T_Ceramic_Tile_M.uasset" to "M:/ZombBard/Content/StarterContent/Textures/T_Ceramic_Tile_M.uasset"
[2018.01.27-17.31.38:404][  0]LogPackFactory: Copied "../../../Samples/StarterContent/Content/StarterContent/Textures/T_Ceramic_Tile_N.uasset" to "M:/ZombBard/Content/StarterContent/Textures/T_Ceramic_Tile_N.uasset"
[2018.01.27-17.31.38:431][  0]LogPackFactory: Copied "../../../Samples/StarterContent/Content/StarterContent/Textures/T_Chair_M.uasset" to "M:/ZombBard/Content/StarterContent/Textures/T_Chair_M.uasset"
[2018.01.27-17.31.38:481][  0]LogPackFactory: Copied "../../../Samples/StarterContent/Content/StarterContent/Textures/T_Chair_N.uasset" to "M:/ZombBard/Content/StarterContent/Textures/T_Chair_N.uasset"
[2018.01.27-17.31.38:501][  0]LogPackFactory: Copied "../../../Samples/StarterContent/Content/StarterContent/Textures/T_Checker_Noise_M.uasset" to "M:/ZombBard/Content/StarterContent/Textures/T_Checker_Noise_M.uasset"
[2018.01.27-17.31.38:718][  0]LogPackFactory: Copied "../../../Samples/StarterContent/Content/StarterContent/Textures/T_CobbleStone_Pebble_D.uasset" to "M:/ZombBard/Content/StarterContent/Textures/T_CobbleStone_Pebble_D.uasset"
[2018.01.27-17.31.38:762][  0]LogPackFactory: Copied "../../../Samples/StarterContent/Content/StarterContent/Textures/T_CobbleStone_Pebble_M.uasset" to "M:/ZombBard/Content/StarterContent/Textures/T_CobbleStone_Pebble_M.uasset"
[2018.01.27-17.31.39:002][  0]LogPackFactory: Copied "../../../Samples/StarterContent/Content/StarterContent/Textures/T_CobbleStone_Pebble_N.uasset" to "M:/ZombBard/Content/StarterContent/Textures/T_CobbleStone_Pebble_N.uasset"
[2018.01.27-17.31.39:074][  0]LogPackFactory: Copied "../../../Samples/StarterContent/Content/StarterContent/Textures/T_CobbleStone_Rough_D.uasset" to "M:/ZombBard/Content/StarterContent/Textures/T_CobbleStone_Rough_D.uasset"
[2018.01.27-17.31.39:140][  0]LogPackFactory: Copied "../../../Samples/StarterContent/Content/StarterContent/Textures/T_CobbleStone_Rough_N.uasset" to "M:/ZombBard/Content/StarterContent/Textures/T_CobbleStone_Rough_N.uasset"
[2018.01.27-17.31.39:270][  0]LogPackFactory: Copied "../../../Samples/StarterContent/Content/StarterContent/Textures/T_CobbleStone_Smooth_D.uasset" to "M:/ZombBard/Content/StarterContent/Textures/T_CobbleStone_Smooth_D.uasset"
[2018.01.27-17.31.39:391][  0]LogPackFactory: Copied "../../../Samples/StarterContent/Content/StarterContent/Textures/T_CobbleStone_Smooth_M.uasset" to "M:/ZombBard/Content/StarterContent/Textures/T_CobbleStone_Smooth_M.uasset"
[2018.01.27-17.31.39:570][  0]LogPackFactory: Copied "../../../Samples/StarterContent/Content/StarterContent/Textures/T_CobbleStone_Smooth_N.uasset" to "M:/ZombBard/Content/StarterContent/Textures/T_CobbleStone_Smooth_N.uasset"
[2018.01.27-17.31.39:773][  0]LogPackFactory: Copied "../../../Samples/StarterContent/Content/StarterContent/Textures/T_Concrete_Grime_D.uasset" to "M:/ZombBard/Content/StarterContent/Textures/T_Concrete_Grime_D.uasset"
[2018.01.27-17.31.39:941][  0]LogPackFactory: Copied "../../../Samples/StarterContent/Content/StarterContent/Textures/T_Concrete_Panels_D.uasset" to "M:/ZombBard/Content/StarterContent/Textures/T_Concrete_Panels_D.uasset"
[2018.01.27-17.31.40:068][  0]LogPackFactory: Copied "../../../Samples/StarterContent/Content/StarterContent/Textures/T_Concrete_Panels_N.uasset" to "M:/ZombBard/Content/StarterContent/Textures/T_Concrete_Panels_N.uasset"
[2018.01.27-17.31.40:284][  0]LogPackFactory: Copied "../../../Samples/StarterContent/Content/StarterContent/Textures/T_Concrete_Poured_D.uasset" to "M:/ZombBard/Content/StarterContent/Textures/T_Concrete_Poured_D.uasset"
[2018.01.27-17.31.40:431][  0]LogPackFactory: Copied "../../../Samples/StarterContent/Content/StarterContent/Textures/T_Concrete_Poured_N.uasset" to "M:/ZombBard/Content/StarterContent/Textures/T_Concrete_Poured_N.uasset"
[2018.01.27-17.31.40:532][  0]LogPackFactory: Copied "../../../Samples/StarterContent/Content/StarterContent/Textures/T_Concrete_Tiles_D.uasset" to "M:/ZombBard/Content/StarterContent/Textures/T_Concrete_Tiles_D.uasset"
[2018.01.27-17.31.40:653][  0]LogPackFactory: Copied "../../../Samples/StarterContent/Content/StarterContent/Textures/T_Concrete_Tiles_M.uasset" to "M:/ZombBard/Content/StarterContent/Textures/T_Concrete_Tiles_M.uasset"
[2018.01.27-17.31.40:791][  0]LogPackFactory: Copied "../../../Samples/StarterContent/Content/StarterContent/Textures/T_Concrete_Tiles_N.uasset" to "M:/ZombBard/Content/StarterContent/Textures/T_Concrete_Tiles_N.uasset"
[2018.01.27-17.31.40:811][  0]LogPackFactory: Copied "../../../Samples/StarterContent/Content/StarterContent/Textures/T_Concrete_Tiles_Variation_M.uasset" to "M:/ZombBard/Content/StarterContent/Textures/T_Concrete_Tiles_Variation_M.uasset"
[2018.01.27-17.31.40:883][  0]LogPackFactory: Copied "../../../Samples/StarterContent/Content/StarterContent/Textures/T_Detail_Rocky_N.uasset" to "M:/ZombBard/Content/StarterContent/Textures/T_Detail_Rocky_N.uasset"
[2018.01.27-17.31.40:910][  0]LogPackFactory: Copied "../../../Samples/StarterContent/Content/StarterContent/Textures/T_Door_M.uasset" to "M:/ZombBard/Content/StarterContent/Textures/T_Door_M.uasset"
[2018.01.27-17.31.40:948][  0]LogPackFactory: Copied "../../../Samples/StarterContent/Content/StarterContent/Textures/T_Door_N.uasset" to "M:/ZombBard/Content/StarterContent/Textures/T_Door_N.uasset"
[2018.01.27-17.31.40:965][  0]LogPackFactory: Copied "../../../Samples/StarterContent/Content/StarterContent/Textures/T_Dust_Particle_D.uasset" to "M:/ZombBard/Content/StarterContent/Textures/T_Dust_Particle_D.uasset"
[2018.01.27-17.31.41:037][  0]LogPackFactory: Copied "../../../Samples/StarterContent/Content/StarterContent/Textures/T_Explosion_SubUV.uasset" to "M:/ZombBard/Content/StarterContent/Textures/T_Explosion_SubUV.uasset"
[2018.01.27-17.31.41:069][  0]LogPackFactory: Copied "../../../Samples/StarterContent/Content/StarterContent/Textures/T_Fire_SubUV.uasset" to "M:/ZombBard/Content/StarterContent/Textures/T_Fire_SubUV.uasset"
[2018.01.27-17.31.41:101][  0]LogPackFactory: Copied "../../../Samples/StarterContent/Content/StarterContent/Textures/T_Fire_Tiled_D.uasset" to "M:/ZombBard/Content/StarterContent/Textures/T_Fire_Tiled_D.uasset"
[2018.01.27-17.31.41:132][  0]LogPackFactory: Copied "../../../Samples/StarterContent/Content/StarterContent/Textures/T_Frame_M.uasset" to "M:/ZombBard/Content/StarterContent/Textures/T_Frame_M.uasset"
[2018.01.27-17.31.41:174][  0]LogPackFactory: Copied "../../../Samples/StarterContent/Content/StarterContent/Textures/T_Frame_N.uasset" to "M:/ZombBard/Content/StarterContent/Textures/T_Frame_N.uasset"
[2018.01.27-17.31.41:186][  0]LogPackFactory: Copied "../../../Samples/StarterContent/Content/StarterContent/Textures/T_Gradinet_01.uasset" to "M:/ZombBard/Content/StarterContent/Textures/T_Gradinet_01.uasset"
[2018.01.27-17.31.41:397][  0]LogPackFactory: Copied "../../../Samples/StarterContent/Content/StarterContent/Textures/T_Ground_Grass_D.uasset" to "M:/ZombBard/Content/StarterContent/Textures/T_Ground_Grass_D.uasset"
[2018.01.27-17.31.41:615][  0]LogPackFactory: Copied "../../../Samples/StarterContent/Content/StarterContent/Textures/T_Ground_Grass_N.uasset" to "M:/ZombBard/Content/StarterContent/Textures/T_Ground_Grass_N.uasset"
[2018.01.27-17.31.41:826][  0]LogPackFactory: Copied "../../../Samples/StarterContent/Content/StarterContent/Textures/T_Ground_Gravel_D.uasset" to "M:/ZombBard/Content/StarterContent/Textures/T_Ground_Gravel_D.uasset"
[2018.01.27-17.31.41:975][  0]LogPackFactory: Copied "../../../Samples/StarterContent/Content/StarterContent/Textures/T_Ground_Gravel_N.uasset" to "M:/ZombBard/Content/StarterContent/Textures/T_Ground_Gravel_N.uasset"
[2018.01.27-17.31.42:214][  0]LogPackFactory: Copied "../../../Samples/StarterContent/Content/StarterContent/Textures/T_ground_Moss_D.uasset" to "M:/ZombBard/Content/StarterContent/Textures/T_ground_Moss_D.uasset"
[2018.01.27-17.31.42:378][  0]LogPackFactory: Copied "../../../Samples/StarterContent/Content/StarterContent/Textures/T_Ground_Moss_N.uasset" to "M:/ZombBard/Content/StarterContent/Textures/T_Ground_Moss_N.uasset"
[2018.01.27-17.31.42:411][  0]LogPackFactory: Copied "../../../Samples/StarterContent/Content/StarterContent/Textures/T_Lamp_M.uasset" to "M:/ZombBard/Content/StarterContent/Textures/T_Lamp_M.uasset"
[2018.01.27-17.31.42:464][  0]LogPackFactory: Copied "../../../Samples/StarterContent/Content/StarterContent/Textures/T_Lamp_N.uasset" to "M:/ZombBard/Content/StarterContent/Textures/T_Lamp_N.uasset"
[2018.01.27-17.31.42:678][  0]LogPackFactory: Copied "../../../Samples/StarterContent/Content/StarterContent/Textures/T_MacroVariation.uasset" to "M:/ZombBard/Content/StarterContent/Textures/T_MacroVariation.uasset"
[2018.01.27-17.31.42:859][  0]LogPackFactory: Copied "../../../Samples/StarterContent/Content/StarterContent/Textures/T_Metal_Aluminum_D.uasset" to "M:/ZombBard/Content/StarterContent/Textures/T_Metal_Aluminum_D.uasset"
[2018.01.27-17.31.43:026][  0]LogPackFactory: Copied "../../../Samples/StarterContent/Content/StarterContent/Textures/T_Metal_Copper_D.uasset" to "M:/ZombBard/Content/StarterContent/Textures/T_Metal_Copper_D.uasset"
[2018.01.27-17.31.43:194][  0]LogPackFactory: Copied "../../../Samples/StarterContent/Content/StarterContent/Textures/T_Metal_Gold_D.uasset" to "M:/ZombBard/Content/StarterContent/Textures/T_Metal_Gold_D.uasset"
[2018.01.27-17.31.43:268][  0]LogPackFactory: Copied "../../../Samples/StarterContent/Content/StarterContent/Textures/T_Metal_Gold_N.uasset" to "M:/ZombBard/Content/StarterContent/Textures/T_Metal_Gold_N.uasset"
[2018.01.27-17.31.43:447][  0]LogPackFactory: Copied "../../../Samples/StarterContent/Content/StarterContent/Textures/T_Metal_Rust_D.uasset" to "M:/ZombBard/Content/StarterContent/Textures/T_Metal_Rust_D.uasset"
[2018.01.27-17.31.43:601][  0]LogPackFactory: Copied "../../../Samples/StarterContent/Content/StarterContent/Textures/T_Metal_Rust_N.uasset" to "M:/ZombBard/Content/StarterContent/Textures/T_Metal_Rust_N.uasset"
[2018.01.27-17.31.43:681][  0]LogPackFactory: Copied "../../../Samples/StarterContent/Content/StarterContent/Textures/T_Metal_Steel_D.uasset" to "M:/ZombBard/Content/StarterContent/Textures/T_Metal_Steel_D.uasset"
[2018.01.27-17.31.43:783][  0]LogPackFactory: Copied "../../../Samples/StarterContent/Content/StarterContent/Textures/T_Metal_Steel_N.uasset" to "M:/ZombBard/Content/StarterContent/Textures/T_Metal_Steel_N.uasset"
[2018.01.27-17.31.43:940][  0]LogPackFactory: Copied "../../../Samples/StarterContent/Content/StarterContent/Textures/T_Perlin_Noise_M.uasset" to "M:/ZombBard/Content/StarterContent/Textures/T_Perlin_Noise_M.uasset"
[2018.01.27-17.31.44:013][  0]LogPackFactory: Copied "../../../Samples/StarterContent/Content/StarterContent/Textures/T_RockMesh_M.uasset" to "M:/ZombBard/Content/StarterContent/Textures/T_RockMesh_M.uasset"
[2018.01.27-17.31.44:124][  0]LogPackFactory: Copied "../../../Samples/StarterContent/Content/StarterContent/Textures/T_RockMesh_N.uasset" to "M:/ZombBard/Content/StarterContent/Textures/T_RockMesh_N.uasset"
[2018.01.27-17.31.44:307][  0]LogPackFactory: Copied "../../../Samples/StarterContent/Content/StarterContent/Textures/T_Rock_Basalt_D.uasset" to "M:/ZombBard/Content/StarterContent/Textures/T_Rock_Basalt_D.uasset"
[2018.01.27-17.31.44:468][  0]LogPackFactory: Copied "../../../Samples/StarterContent/Content/StarterContent/Textures/T_Rock_Basalt_N.uasset" to "M:/ZombBard/Content/StarterContent/Textures/T_Rock_Basalt_N.uasset"
[2018.01.27-17.31.44:592][  0]LogPackFactory: Copied "../../../Samples/StarterContent/Content/StarterContent/Textures/T_Rock_Marble_Polished_D.uasset" to "M:/ZombBard/Content/StarterContent/Textures/T_Rock_Marble_Polished_D.uasset"
[2018.01.27-17.31.44:780][  0]LogPackFactory: Copied "../../../Samples/StarterContent/Content/StarterContent/Textures/T_Rock_Sandstone_D.uasset" to "M:/ZombBard/Content/StarterContent/Textures/T_Rock_Sandstone_D.uasset"
[2018.01.27-17.31.44:944][  0]LogPackFactory: Copied "../../../Samples/StarterContent/Content/StarterContent/Textures/T_Rock_Sandstone_N.uasset" to "M:/ZombBard/Content/StarterContent/Textures/T_Rock_Sandstone_N.uasset"
[2018.01.27-17.31.45:181][  0]LogPackFactory: Copied "../../../Samples/StarterContent/Content/StarterContent/Textures/T_Rock_Slate_D.uasset" to "M:/ZombBard/Content/StarterContent/Textures/T_Rock_Slate_D.uasset"
[2018.01.27-17.31.45:389][  0]LogPackFactory: Copied "../../../Samples/StarterContent/Content/StarterContent/Textures/T_Rock_Slate_N.uasset" to "M:/ZombBard/Content/StarterContent/Textures/T_Rock_Slate_N.uasset"
[2018.01.27-17.31.45:564][  0]LogPackFactory: Copied "../../../Samples/StarterContent/Content/StarterContent/Textures/T_Rock_Smooth_Granite_D.uasset" to "M:/ZombBard/Content/StarterContent/Textures/T_Rock_Smooth_Granite_D.uasset"
[2018.01.27-17.31.45:596][  0]LogPackFactory: Copied "../../../Samples/StarterContent/Content/StarterContent/Textures/T_Shelf_M.uasset" to "M:/ZombBard/Content/StarterContent/Textures/T_Shelf_M.uasset"
[2018.01.27-17.31.45:643][  0]LogPackFactory: Copied "../../../Samples/StarterContent/Content/StarterContent/Textures/T_Shelf_N.uasset" to "M:/ZombBard/Content/StarterContent/Textures/T_Shelf_N.uasset"
[2018.01.27-17.31.45:665][  0]LogPackFactory: Copied "../../../Samples/StarterContent/Content/StarterContent/Textures/T_Single_Tile_N.uasset" to "M:/ZombBard/Content/StarterContent/Textures/T_Single_Tile_N.uasset"
[2018.01.27-17.31.45:731][  0]LogPackFactory: Copied "../../../Samples/StarterContent/Content/StarterContent/Textures/T_Smoke_SubUV.uasset" to "M:/ZombBard/Content/StarterContent/Textures/T_Smoke_SubUV.uasset"
[2018.01.27-17.31.45:751][  0]LogPackFactory: Copied "../../../Samples/StarterContent/Content/StarterContent/Textures/T_Smoke_Tiled_D.uasset" to "M:/ZombBard/Content/StarterContent/Textures/T_Smoke_Tiled_D.uasset"
[2018.01.27-17.31.45:771][  0]LogPackFactory: Copied "../../../Samples/StarterContent/Content/StarterContent/Textures/T_Spark_Core.uasset" to "M:/ZombBard/Content/StarterContent/Textures/T_Spark_Core.uasset"
[2018.01.27-17.31.45:806][  0]LogPackFactory: Copied "../../../Samples/StarterContent/Content/StarterContent/Textures/T_Statue_M.uasset" to "M:/ZombBard/Content/StarterContent/Textures/T_Statue_M.uasset"
[2018.01.27-17.31.45:834][  0]LogPackFactory: Copied "../../../Samples/StarterContent/Content/StarterContent/Textures/T_Statue_N.uasset" to "M:/ZombBard/Content/StarterContent/Textures/T_Statue_N.uasset"
[2018.01.27-17.31.45:867][  0]LogPackFactory: Copied "../../../Samples/StarterContent/Content/StarterContent/Textures/T_TableRound_M.uasset" to "M:/ZombBard/Content/StarterContent/Textures/T_TableRound_M.uasset"
[2018.01.27-17.31.45:913][  0]LogPackFactory: Copied "../../../Samples/StarterContent/Content/StarterContent/Textures/T_TableRound_N.uasset" to "M:/ZombBard/Content/StarterContent/Textures/T_TableRound_N.uasset"
[2018.01.27-17.31.45:934][  0]LogPackFactory: Copied "../../../Samples/StarterContent/Content/StarterContent/Textures/T_Tech_Dot_M.uasset" to "M:/ZombBard/Content/StarterContent/Textures/T_Tech_Dot_M.uasset"
[2018.01.27-17.31.45:959][  0]LogPackFactory: Copied "../../../Samples/StarterContent/Content/StarterContent/Textures/T_Tech_Dot_N.uasset" to "M:/ZombBard/Content/StarterContent/Textures/T_Tech_Dot_N.uasset"
[2018.01.27-17.31.45:994][  0]LogPackFactory: Copied "../../../Samples/StarterContent/Content/StarterContent/Textures/T_Tech_Hex_Tile_M.uasset" to "M:/ZombBard/Content/StarterContent/Textures/T_Tech_Hex_Tile_M.uasset"
[2018.01.27-17.31.46:022][  0]LogPackFactory: Copied "../../../Samples/StarterContent/Content/StarterContent/Textures/T_Tech_Hex_Tile_N.uasset" to "M:/ZombBard/Content/StarterContent/Textures/T_Tech_Hex_Tile_N.uasset"
[2018.01.27-17.31.46:060][  0]LogPackFactory: Copied "../../../Samples/StarterContent/Content/StarterContent/Textures/T_Tech_Panel_M.uasset" to "M:/ZombBard/Content/StarterContent/Textures/T_Tech_Panel_M.uasset"
[2018.01.27-17.31.46:112][  0]LogPackFactory: Copied "../../../Samples/StarterContent/Content/StarterContent/Textures/T_Tech_Panel_N.uasset" to "M:/ZombBard/Content/StarterContent/Textures/T_Tech_Panel_N.uasset"
[2018.01.27-17.31.46:162][  0]LogPackFactory: Copied "../../../Samples/StarterContent/Content/StarterContent/Textures/T_Water_M.uasset" to "M:/ZombBard/Content/StarterContent/Textures/T_Water_M.uasset"
[2018.01.27-17.31.46:220][  0]LogPackFactory: Copied "../../../Samples/StarterContent/Content/StarterContent/Textures/T_Water_N.uasset" to "M:/ZombBard/Content/StarterContent/Textures/T_Water_N.uasset"
[2018.01.27-17.31.46:321][  0]LogPackFactory: Copied "../../../Samples/StarterContent/Content/StarterContent/Textures/T_Wood_Floor_Walnut_D.uasset" to "M:/ZombBard/Content/StarterContent/Textures/T_Wood_Floor_Walnut_D.uasset"
[2018.01.27-17.31.46:409][  0]LogPackFactory: Copied "../../../Samples/StarterContent/Content/StarterContent/Textures/T_Wood_Floor_Walnut_M.uasset" to "M:/ZombBard/Content/StarterContent/Textures/T_Wood_Floor_Walnut_M.uasset"
[2018.01.27-17.31.46:481][  0]LogPackFactory: Copied "../../../Samples/StarterContent/Content/StarterContent/Textures/T_Wood_Floor_Walnut_N.uasset" to "M:/ZombBard/Content/StarterContent/Textures/T_Wood_Floor_Walnut_N.uasset"
[2018.01.27-17.31.46:622][  0]LogPackFactory: Copied "../../../Samples/StarterContent/Content/StarterContent/Textures/T_Wood_Oak_D.uasset" to "M:/ZombBard/Content/StarterContent/Textures/T_Wood_Oak_D.uasset"
[2018.01.27-17.31.46:751][  0]LogPackFactory: Copied "../../../Samples/StarterContent/Content/StarterContent/Textures/T_Wood_Oak_N.uasset" to "M:/ZombBard/Content/StarterContent/Textures/T_Wood_Oak_N.uasset"
[2018.01.27-17.31.46:964][  0]LogPackFactory: Copied "../../../Samples/StarterContent/Content/StarterContent/Textures/T_Wood_Pine_D.uasset" to "M:/ZombBard/Content/StarterContent/Textures/T_Wood_Pine_D.uasset"
[2018.01.27-17.31.47:046][  0]LogPackFactory: Copied "../../../Samples/StarterContent/Content/StarterContent/Textures/T_Wood_Pine_N.uasset" to "M:/ZombBard/Content/StarterContent/Textures/T_Wood_Pine_N.uasset"
[2018.01.27-17.31.47:175][  0]LogPackFactory: Copied "../../../Samples/StarterContent/Content/StarterContent/Textures/T_Wood_Walnut_D.uasset" to "M:/ZombBard/Content/StarterContent/Textures/T_Wood_Walnut_D.uasset"
[2018.01.27-17.31.47:263][  0]LogPackFactory: Copied "../../../Samples/StarterContent/Content/StarterContent/Textures/T_Wood_Walnut_N.uasset" to "M:/ZombBard/Content/StarterContent/Textures/T_Wood_Walnut_N.uasset"
[2018.01.27-17.31.47:423][  0]LogRenderer: Reallocating scene render targets to support 256x256 Format 10 NumSamples 1 (Frame:1).
[2018.01.27-17.31.47:505][  0]Cmd: OBJ SAVEPACKAGE PACKAGE="/Game/StarterContent/Architecture/Floor_400x400" FILE="M:/ZombBard/Content/StarterContent/Architecture/Floor_400x400.uasset" SILENT=true
[2018.01.27-17.31.47:660][  0]LogSavePackage: Save=112.95ms
[2018.01.27-17.31.47:660][  0]LogSavePackage: Moving 'M:/ZombBard/Saved/Floor_400x4002818246541285E8D647251AC86DB0E0C.tmp' to 'M:/ZombBard/Content/StarterContent/Architecture/Floor_400x400.uasset'
[2018.01.27-17.31.47:701][  0]LogSavePackage: Display: Finished SavePackage M:/ZombBard/Content/StarterContent/Architecture/Floor_400x400.uasset
[2018.01.27-17.31.47:701][  0]LogFeaturePack: Warning: Inserted 1 feature packs
[2018.01.27-17.31.47:714][  0]Cmd: MAP LOAD FILE="M:/ZombBard/Content/TopDownBP/Maps/TopDownExampleMap.umap" TEMPLATE=0 SHOWPROGRESS=1 FEATURELEVEL=3
[2018.01.27-17.31.47:727][  0]LightingResults: New page: Lighting Build
[2018.01.27-17.31.47:853][  0]MapCheck: New page: Map Check
[2018.01.27-17.31.47:854][  0]LightingResults: New page: Lighting Build
[2018.01.27-17.31.48:796][  0]LogAIModule: Creating AISystem for world TopDownExampleMap
[2018.01.27-17.31.48:805][  0]LogEditorServer: Finished looking for orphan Actors (0.000 secs)
[2018.01.27-17.31.48:825][  0]Cmd: MAP CHECKDEP NOCLEARLOG
[2018.01.27-17.31.48:894][  0]MapCheck: Map check complete: 0 Error(s), 0 Warning(s), took 68.861ms to complete.
[2018.01.27-17.31.48:894][  0]LogFileHelpers: Loading map 'TopDownExampleMap' took 1.180
[2018.01.27-17.31.49:071][  0]LogCollectionManager: Loaded 0 collections in 0.007917 seconds
[2018.01.27-17.31.49:226][  0]LogFileCache: Scanning file cache for directory 'M:/ZombBard/Saved/Collections/' took 0.01s
[2018.01.27-17.31.49:226][  0]LogFileCache: Scanning file cache for directory 'M:/ZombBard/Content/Developers/1601299/Collections/' took 0.01s
[2018.01.27-17.31.49:226][  0]LogFileCache: Scanning file cache for directory 'M:/ZombBard/Content/Collections/' took 0.02s
[2018.01.27-17.31.49:226][  0]LogCollectionManager: Rebuilt the GUID cache for 0 collections in 0.000000 seconds
[2018.01.27-17.31.49:234][  0]LogContentBrowser: Native class hierarchy populated in 0.0074 seconds. Added 2386 classes and 500 folders.
[2018.01.27-17.31.49:326][  0]LogContentBrowser: Native class hierarchy updated for 'WidgetCarousel' in 0.0007 seconds. Added 0 classes and 0 folders.
[2018.01.27-17.31.49:373][  0]LogContentBrowser: Native class hierarchy updated for 'AddContentDialog' in 0.0007 seconds. Added 0 classes and 0 folders.
[2018.01.27-17.31.49:434][  0]LogContentBrowser: Native class hierarchy updated for 'SceneOutliner' in 0.0007 seconds. Added 1 classes and 2 folders.
[2018.01.27-17.31.49:442][  0]LogSlate: Took 0.000227 seconds to synchronously load lazily loaded font '../../../Engine/Content/Slate/Fonts/Roboto-Regular.ttf' (155K)
[2018.01.27-17.31.49:443][  0]LogSlate: Took 0.000133 seconds to synchronously load lazily loaded font '../../../Engine/Content/Slate/Fonts/Roboto-Bold.ttf' (160K)
[2018.01.27-17.31.49:447][  0]LogSlate: Took 0.000228 seconds to synchronously load lazily loaded font '../../../Engine/Content/Editor/Slate/Fonts/FontAwesome.ttf' (139K)
[2018.01.27-17.31.49:482][  0]LogRenderer: Reallocating scene render targets to support 1208x576 Format 10 NumSamples 1 (Frame:1).
[2018.01.27-17.31.49:526][  0]LogSlate: Took 0.000300 seconds to synchronously load lazily loaded font '../../../Engine/Content/Slate/Fonts/Roboto-Light.ttf' (159K)
[2018.01.27-17.31.49:699][  0]LogContentBrowser: Native class hierarchy updated for 'HierarchicalLODOutliner' in 0.0008 seconds. Added 1 classes and 2 folders.
[2018.01.27-17.31.49:699][  0]LogLoad: (Engine Initialization) Total time: 38.65 seconds
[2018.01.27-17.31.49:699][  0]LogLoad: (Engine Initialization) Total Blueprint compile time: 0.00 seconds
[2018.01.27-17.31.49:700][  0]LogExternalProfiler: Found external profiler: VSPerf
[2018.01.27-17.31.49:700][  0]LogExternalProfiler: Using external profiler: VSPerf
[2018.01.27-17.31.49:754][  0]LogAssetRegistry: Asset discovery search completed in 31.4844 seconds
[2018.01.27-17.31.49:755][  0]LogCollectionManager: Rebuilt the object cache for 0 collections in 0.000000 seconds (found 0 objects)
[2018.01.27-17.31.49:755][  0]LogCollectionManager: Fixed up redirectors for 0 collections in 0.000030 seconds (updated 0 objects)
[2018.01.27-17.31.49:755][  0]LogDirectoryWatcher: A directory notification failed for 'M:/ZombBard/Content/' because it was empty or there was a buffer overflow. Attemping another request...
[2018.01.27-17.31.49:759][  0]LogDirectoryWatcher: A directory notification failed for 'M:/ZombBard/Content/', and we were unable to create a new request.
[2018.01.27-17.31.49:759][  0]LogDirectoryWatcher: A directory notification failed for 'M:/ZombBard/Saved/Collections/' because it was empty or there was a buffer overflow. Attemping another request...
[2018.01.27-17.31.49:760][  0]LogDirectoryWatcher: A directory notification failed for 'M:/ZombBard/Content/Developers/1601299/Collections/' because it was empty or there was a buffer overflow. Attemping another request...
[2018.01.27-17.31.49:760][  0]LogDirectoryWatcher: A directory notification failed for 'M:/ZombBard/Content/Collections/' because it was empty or there was a buffer overflow. Attemping another request...
[2018.01.27-17.31.49:762][  0]LogContentStreaming: Texture pool size now 1000 MB
[2018.01.27-17.31.49:832][  1]LogDirectoryWatcher: A directory notification failed for 'M:/ZombBard/Content/Collections/' because it was empty or there was a buffer overflow. Attemping another request...
[2018.01.27-17.31.49:832][  1]LogDirectoryWatcher: A directory notification failed for 'M:/ZombBard/Content/Collections/', and we were unable to create a new request.
[2018.01.27-17.31.49:832][  1]LogDirectoryWatcher: A directory notification failed for 'M:/ZombBard/Saved/Collections/' because it was empty or there was a buffer overflow. Attemping another request...
[2018.01.27-17.31.49:833][  1]LogDirectoryWatcher: A directory notification failed for 'M:/ZombBard/Saved/Collections/', and we were unable to create a new request.
[2018.01.27-17.31.49:833][  1]LogDirectoryWatcher: A directory notification failed for 'M:/ZombBard/Content/Developers/1601299/Collections/' because it was empty or there was a buffer overflow. Attemping another request...
[2018.01.27-17.31.49:834][  1]LogDirectoryWatcher: A directory notification failed for 'M:/ZombBard/Content/Developers/1601299/Collections/', and we were unable to create a new request.
[2018.01.27-17.33.20:528][166]SourceControl: On branch master
[2018.01.27-17.33.20:528][166]SourceControl: Your branch is ahead of 'origin/master' by 1 commit.
[2018.01.27-17.33.20:528][166]SourceControl:   (use "git push" to publish your local commits)
[2018.01.27-17.33.20:528][166]SourceControl: Changes not staged for commit:
[2018.01.27-17.33.20:528][166]SourceControl:   (use "git add/rm <file>..." to update what will be committed)
[2018.01.27-17.33.20:528][166]SourceControl:   (use "git checkout -- <file>..." to discard changes in working directory)
[2018.01.27-17.33.20:528][166]SourceControl: 	deleted:    .gitignore
[2018.01.27-17.33.20:528][166]SourceControl: 	modified:   Content/StarterContent/Architecture/Floor_400x400.uasset
[2018.01.27-17.33.20:528][166]SourceControl: 	modified:   Content/TopDownBP/Blueprints/TopDownController.uasset
[2018.01.27-17.33.20:528][166]SourceControl: 	modified:   Content/TopDownBP/Maps/TopDownExampleMap_BuiltData.uasset
[2018.01.27-17.33.20:528][166]SourceControl: 	deleted:    Please_Work.uproject
[2018.01.27-17.33.20:528][166]SourceControl: Untracked files:
[2018.01.27-17.33.20:528][166]SourceControl:   (use "git add <file>..." to include in what will be committed)
[2018.01.27-17.33.20:528][166]SourceControl: 	Content/TopDownBP/Character/Buildings/
[2018.01.27-17.33.20:528][166]SourceControl: 	Content/TopDownBP/Character/TopDownCharacter.uasset
[2018.01.27-17.33.20:528][166]SourceControl: 	Content/TopDownBP/Character/Villager.uasset
[2018.01.27-17.33.20:528][166]SourceControl: 	Content/TopDownBP/Character/Villager_AI_C.uasset
[2018.01.27-17.33.20:528][166]SourceControl: 	Content/TopDownBP/Character/Villager_BB.uasset
[2018.01.27-17.33.20:528][166]SourceControl: 	Content/TopDownBP/Character/Villager_BT.uasset
[2018.01.27-17.33.20:528][166]SourceControl: 	Content/TopDownBP/Character/Zombie.uasset
[2018.01.27-17.33.20:528][166]SourceControl: 	Content/TopDownBP/Character/Zombie_AI_C.uasset
[2018.01.27-17.33.20:528][166]SourceControl: 	Content/TopDownBP/Character/Zombies/
[2018.01.27-17.33.20:528][166]SourceControl: 	Content/TopDownBP/Maps/palette1.uasset
[2018.01.27-17.33.20:528][166]SourceControl: 	Content/TopDownBP/Maps/tree.uasset
[2018.01.27-17.33.20:528][166]SourceControl: 	Content/TopDownBP/Maps/tree1.uasset
[2018.01.27-17.33.20:528][166]SourceControl: 	Intermediate/
[2018.01.27-17.33.20:528][166]SourceControl: 	Saved/
[2018.01.27-17.33.20:528][166]SourceControl: 	ZomBard.uproject
[2018.01.27-17.33.20:528][166]SourceControl: no changes added to commit (use "git add" and/or "git commit -a")
